Water Meter Usage Log (timestamp counts/min), Sat Sep 19 21:39:01 2015
1442723941 0
1442724001 0
1442724061 0
1442724121 0
1442724181 0
1442724251 0
1442724311 0
1442724371 0
1442724431 0
1442724491 0
1442724551 0
1442724611 0
1442724672 0
1442724732 0
1442724792 0
1442724852 0
1442724912 0
1442724972 0
1442725032 0
1442725092 0
1442725152 0
1442725212 0
1442725272 0
1442725332 0
1442725392 0
1442725452 0
1442725512 0
1442725572 0
1442725632 0
1442725692 0
1442725752 0
1442725813 0
1442725873 0
1442725933 0
1442725993 0
1442726053 0
1442726113 0
1442726173 0
1442726233 0
1442726293 0
1442726353 0
1442726413 0
1442726473 0
1442726533 0
1442726593 0
1442726653 0
1442726713 0
1442726773 0
1442726833 0
1442726893 0
1442726953 0
1442727013 0
1442727074 0
1442727134 0
1442727194 0
1442727254 0
1442727314 0
1442727374 0
1442727434 0
1442727494 0
1442727554 0
1442727614 0
1442727674 0
1442727734 0
1442727794 0
1442727854 0
1442727914 0
1442727974 0
1442728034 0
1442728094 0
1442728154 0
1442728214 0
1442728275 0
1442728335 0
1442728395 0
1442728455 0
1442728515 0
1442728575 0
1442728635 0
1442728695 0
1442728755 0
1442728815 0
1442728875 0
1442728935 0
1442728995 0
1442729055 0
1442729115 0
1442729175 0
1442729235 0
1442729295 0
1442729355 0
1442729416 0
1442729476 0
1442729536 0
1442729596 0
1442729656 0
1442729716 0
1442729776 0
1442729836 0
1442729896 0
1442729956 0
1442730016 0
1442730076 0
1442730136 0
1442730196 0
1442730256 0
1442730316 0
1442730376 0
1442730436 0
1442730496 0
1442730557 0
1442730617 0
1442730677 0
1442730737 0
1442730797 0
1442730857 0
1442730917 0
1442730977 0
1442731037 0
1442731097 0
1442731157 0
1442731217 0
1442731277 0
1442731337 0
1442731397 0
1442731457 0
1442731517 0
1442731577 0
1442731638 0
1442731698 0
1442731758 0
1442731818 0
1442731878 0
1442731938 0
1442731998 0
1442732058 0
1442732118 0
1442732178 0
1442732238 0
1442732298 0
1442732358 0
1442732418 0
1442732478 0
1442732538 0
1442732598 0
1442732658 0
1442732718 0
1442732779 0
1442732839 0
1442732899 0
1442732959 0
1442733019 0
1442733079 0
1442733139 0
1442733199 0
1442733259 0
1442733319 0
1442733379 0
1442733439 0
1442733499 0
1442733559 0
1442733619 0
1442733679 0
1442733739 0
1442733800 0
1442733860 0
1442733920 0
1442733980 0
1442734040 0
1442734100 0
1442734160 0
1442734220 0
1442734280 0
1442734340 0
1442734400 0
1442734460 0
1442734520 0
1442734580 0
1442734640 0
1442734700 0
1442734760 0
1442734820 0
1442734880 0
1442734941 0
1442735001 0
1442735061 0
1442735121 0
1442735181 0
1442735241 0
1442735301 0
1442735361 0
1442735421 0
1442735481 0
1442735541 0
1442735601 0
1442735661 0
1442735721 0
1442735781 0
1442735841 0
1442735901 0
1442735962 0
1442736022 0
1442736082 0
1442736142 0
1442736202 0
1442736262 0
1442736322 0
1442736382 0
1442736442 0
1442736502 0
1442736562 0
1442736622 0
1442736682 0
1442736742 0
1442736802 0
1442736862 0
1442736922 0
1442736982 0
1442737043 0
1442737103 0
1442737163 0
1442737223 0
1442737283 0
1442737343 0
1442737403 0
1442737463 0
1442737523 0
1442737583 0
1442737643 0
1442737703 0
1442737763 0
1442737823 0
1442737883 0
1442737943 0
1442738003 0
1442738064 0
1442738124 0
1442738184 0
1442738244 0
1442738304 0
1442738364 0
1442738424 0
1442738484 0
1442738544 0
1442738604 0
1442738664 0
1442738724 0
1442738784 0
1442738844 0
1442738904 0
1442738964 0
1442739024 0
1442739084 0
1442739145 0
1442739205 0
1442739265 0
1442739325 0
1442739385 0
1442739445 0
1442739505 0
1442739565 0
1442739625 0
1442739685 0
1442739745 0
1442739805 0
1442739865 0
1442739925 0
1442739985 0
1442740045 0
1442740105 0
1442740165 0
1442740226 0
1442740286 0
1442740346 0
1442740406 0
1442740466 0
1442740526 0
1442740586 0
1442740646 0
1442740706 0
1442740766 0
1442740826 0
1442740886 0
1442740946 0
1442741006 0
1442741066 0
1442741126 0
1442741186 0
1442741247 0
1442741307 0
1442741367 0
1442741427 0
1442741487 0
1442741547 0
1442741607 0
1442741667 0
1442741727 0
1442741787 0
1442741847 0
1442741907 0
1442741967 0
1442742027 0
1442742087 0
1442742147 0
1442742207 0
1442742268 0
1442742328 0
1442742388 0
1442742448 0
1442742508 0
1442742568 0
1442742628 0
1442742688 0
1442742748 0
1442742808 0
1442742868 0
1442742928 0
1442742988 0
1442743048 0
1442743108 0
1442743168 0
1442743228 0
1442743288 0
1442743348 0
1442743408 0
1442743469 0
1442743529 0
1442743589 0
1442743649 0
1442743709 0
1442743769 0
1442743829 0
1442743889 0
1442743949 0
1442744009 0
1442744069 0
1442744129 0
1442744189 0
1442744249 0
1442744309 0
1442744369 0
1442744429 0
1442744489 0
1442744550 0
1442744610 0
1442744670 0
1442744730 0
1442744790 0
1442744850 0
1442744910 0
1442744970 0
1442745030 0
1442745090 0
1442745150 0
1442745210 0
1442745270 0
1442745330 0
1442745390 0
1442745450 0
1442745510 0
1442745571 0
1442745631 0
1442745691 0
1442745751 0
1442745811 0
1442745871 0
1442745931 0
1442745991 0
1442746051 0
1442746111 0
1442746171 0
1442746231 0
1442746291 0
1442746351 0
1442746411 0
1442746471 0
1442746531 0
1442746591 0
1442746652 0
1442746712 0
1442746772 0
1442746832 0
1442746892 0
1442746952 0
1442747012 0
1442747072 0
1442747132 0
1442747192 0
1442747252 0
1442747312 0
1442747372 0
1442747432 0
1442747492 0
1442747552 0
1442747612 0
1442747672 0
1442747732 0
1442747793 0
1442747853 0
1442747913 0
1442747973 0
1442748033 0
1442748093 0
1442748153 0
1442748213 0
1442748273 0
1442748333 0
1442748393 0
1442748453 0
1442748513 0
1442748573 0
1442748633 0
1442748693 0
1442748753 0
1442748813 0
1442748873 0
1442748933 0
1442748994 0
1442749054 0
1442749114 0
1442749174 0
1442749234 0
1442749294 0
1442749354 0
1442749414 0
1442749474 0
1442749534 0
1442749594 0
1442749654 0
1442749714 0
1442749774 0
1442749834 0
1442749894 0
1442749954 0
1442750014 0
1442750074 0
1442750135 0
1442750195 0
1442750255 0
1442750315 0
1442750375 0
1442750435 0
1442750495 1
1442750555 2
1442750615 1
1442750675 1
1442750735 1
1442750795 0
1442750855 0
1442750915 0
1442750975 0
1442751035 0
1442751095 0
1442751155 0
1442751215 0
1442751276 0
1442751336 0
1442751396 0
1442751456 0
1442751516 0
1442751576 0
1442751636 0
1442751696 0
1442751756 0
1442751816 0
1442751876 0
1442751936 0
1442751996 0
1442752056 0
1442752116 0
1442752176 0
1442752236 0
1442752296 0
1442752357 0
1442752417 0
1442752477 0
1442752537 0
1442752597 1
1442752657 1
1442752717 1
1442752777 1
1442752837 2
1442752897 1
1442752957 1
1442753017 1
1442753077 1
1442753137 1
1442753197 0
1442753257 0
1442753317 0
1442753377 0
1442753437 0
1442753498 0
1442753558 0
1442753618 0
1442753678 0
1442753738 0
1442753798 0
1442753858 0
1442753918 0
1442753978 0
1442754038 0
1442754098 0
1442754158 0
1442754218 0
1442754278 0
1442754338 0
1442754398 0
1442754458 0
1442754518 0
1442754579 0
1442754639 0
1442754699 0
1442754759 0
1442754819 0
1442754879 0
1442754939 0
1442754999 0
1442755059 0
1442755119 0
1442755179 0
1442755239 0
1442755299 0
1442755359 0
1442755419 0
1442755479 0
1442755539 0
1442755599 0
1442755659 0
1442755720 0
1442755780 0
1442755840 0
1442755900 0
1442755960 0
1442756020 0
1442756080 0
1442756140 0
1442756200 0
1442756260 0
1442756320 0
1442756380 0
1442756440 0
1442756500 0
1442756560 0
1442756620 0
1442756680 0
1442756740 0
1442756801 0
1442756861 0
1442756921 0
1442756981 0
1442757041 0
1442757101 0
1442757161 0
1442757221 0
1442757281 0
1442757341 0
1442757401 0
1442757461 0
1442757521 0
1442757581 0
1442757641 0
1442757701 0
1442757761 0
1442757821 0
1442757881 0
1442757941 0
1442758001 0
1442758062 0
1442758122 0
1442758182 0
1442758242 0
1442758302 7
1442758362 6
1442758422 6
1442758482 6
1442758542 6
1442758602 6
1442758662 7
1442758722 6
1442758782 6
1442758842 6
1442758902 6
1442758962 6
1442759022 7
1442759082 6
1442759143 6
1442759203 0
1442759263 0
1442759323 0
1442759383 0
1442759443 0
1442759503 0
1442759563 0
1442759623 0
1442759683 0
1442759743 0
1442759803 0
1442759863 0
1442759923 0
1442759983 0
1442760043 0
1442760103 0
1442760163 0
1442760223 0
1442760283 0
1442760343 0
1442760403 0
1442760463 0
1442760523 0
1442760584 0
1442760644 0
1442760704 0
1442760764 0
1442760824 0
1442760884 0
1442760944 0
1442761004 0
1442761064 0
1442761124 0
1442761184 0
1442761244 0
1442761304 0
1442761364 0
1442761424 0
1442761484 0
1442761544 0
1442761604 0
1442761664 0
1442761724 0
1442761784 0
1442761845 0
1442761905 0
1442761965 0
1442762025 0
1442762085 0
1442762145 0
1442762205 0
1442762265 0
1442762325 0
1442762385 0
1442762445 0
1442762505 0
1442762565 0
1442762625 0
1442762685 0
1442762745 0
1442762805 0
1442762865 0
1442762925 0
1442762986 0
1442763046 0
1442763106 0
1442763166 0
1442763226 0
1442763286 0
1442763346 0
1442763406 0
1442763466 0
1442763526 0
1442763586 0
1442763646 0
1442763706 0
1442763766 0
1442763826 0
1442763886 0
1442763946 0
1442764006 0
1442764066 0
1442764126 0
1442764187 0
1442764247 0
1442764307 0
1442764367 0
1442764427 0
1442764487 0
1442764547 0
1442764607 0
1442764667 0
1442764727 0
1442764787 0
1442764847 0
1442764907 0
1442764967 0
1442765027 0
1442765087 0
1442765147 0
1442765207 0
1442765267 0
1442765328 0
1442765388 0
1442765448 0
1442765508 0
1442765568 0
1442765628 0
1442765688 0
1442765748 0
1442765808 0
1442765868 0
1442765928 0
1442765988 0
1442766048 0
1442766108 0
1442766168 0
1442766228 0
1442766288 0
1442766348 0
1442766408 0
1442766468 0
1442766528 0
1442766589 0
1442766649 0
1442766709 0
1442766769 0
1442766829 0
1442766889 0
1442766949 0
1442767009 0
1442767069 0
1442767129 0
1442767189 0
1442767249 0
1442767309 0
1442767369 0
1442767429 0
1442767489 0
1442767549 0
1442767609 0
1442767669 0
1442767729 0
1442767789 0
1442767849 0
1442767909 0
1442767969 0
1442768030 0
1442768090 0
1442768150 0
1442768210 0
1442768270 0
1442768330 0
1442768390 0
1442768450 0
1442768510 0
1442768570 0
1442768630 0
1442768690 0
1442768750 0
1442768810 0
1442768870 0
1442768930 0
1442768990 0
1442769050 0
1442769111 0
1442769171 0
1442769231 0
1442769291 0
1442769351 0
1442769411 0
1442769471 0
1442769531 0
1442769591 0
1442769651 0
1442769711 0
1442769771 0
1442769831 0
1442769891 0
1442769951 0
1442770011 0
1442770071 0
1442770131 0
1442770191 0
1442770251 0
1442770311 0
1442770371 0
1442770432 0
1442770492 0
1442770552 0
1442770612 0
1442770672 0
1442770732 0
1442770792 0
1442770852 0
1442770912 0
1442770972 0
1442771032 0
1442771092 0
1442771152 0
1442771212 0
1442771272 0
1442771332 0
1442771392 0
1442771452 0
1442771513 0
1442771573 0
1442771633 0
1442771693 0
1442771753 0
1442771813 0
1442771873 0
1442771933 0
1442771993 0
1442772053 0
1442772113 0
1442772173 0
1442772233 0
1442772293 0
1442772353 0
1442772413 0
1442772473 0
1442772533 0
1442772593 0
1442772653 0
1442772713 0
1442772774 0
1442772834 0
1442772894 0
1442772954 0
1442773014 0
1442773074 0
1442773134 0
1442773194 0
1442773254 0
1442773314 0
1442773374 0
1442773434 0
1442773494 0
1442773554 0
1442773614 0
1442773674 0
1442773734 0
1442773794 0
1442773854 0
1442773914 0
1442773975 0
1442774035 0
1442774095 0
1442774155 0
1442774215 0
1442774275 0
1442774335 0
1442774395 0
1442774455 0
1442774515 0
1442774575 0
1442774635 0
1442774695 0
1442774755 0
1442774815 0
1442774875 0
1442774935 0
1442774995 0
1442775055 0
1442775115 0
1442775175 0
1442775235 0
1442775295 0
1442775356 0
1442775416 0
1442775476 0
1442775536 0
1442775596 0
1442775656 0
1442775716 0
1442775776 0
1442775836 0
1442775896 0
1442775956 0
1442776016 0
1442776076 0
1442776136 0
1442776196 0
1442776256 0
1442776316 0
1442776376 0
1442776436 0
1442776496 0
1442776557 0
1442776617 0
1442776677 0
1442776737 0
1442776797 0
1442776857 0
1442776917 0
1442776977 0
1442777037 0
1442777097 0
1442777157 0
1442777217 0
1442777277 0
1442777337 0
1442777397 0
1442777457 0
1442777517 0
1442777577 0
1442777637 0
1442777697 0
1442777757 0
1442777818 0
1442777878 0
1442777938 0
1442777998 0
1442778058 0
1442778118 0
1442778178 0
1442778238 0
1442778298 0
1442778358 0
1442778418 0
1442778478 0
1442778538 0
1442778598 0
1442778658 0
1442778718 0
1442778778 0
1442778838 0
1442778898 0
1442778958 0
1442779018 5
1442779078 5
1442779138 6
1442779199 6
1442779259 6
1442779319 5
1442779379 6
1442779439 6
1442779499 5
1442779559 6
1442779619 6
1442779679 6
1442779739 5
1442779799 6
1442779859 6
1442779919 6
1442779979 5
1442780039 6
1442780099 6
1442780159 6
1442780219 2
1442780279 0
1442780339 0
1442780399 0
1442780459 0
1442780520 0
1442780580 0
1442780640 0
1442780700 0
1442780760 0
1442780820 0
1442780880 0
1442780940 0
1442781000 0
1442781060 0
1442781120 0
1442781180 0
1442781240 0
1442781300 0
1442781360 0
1442781420 0
1442781480 0
1442781540 0
1442781600 0
1442781660 0
1442781720 0
1442781781 0
1442781841 0
1442781901 0
1442781961 0
1442782021 0
1442782081 0
1442782141 0
1442782201 0
1442782261 0
1442782321 0
1442782381 0
1442782441 0
1442782501 0
1442782561 0
1442782621 0
1442782681 0
1442782741 0
1442782801 0
1442782861 0
1442782921 0
1442782981 0
1442783041 0
1442783102 0
1442783162 0
1442783222 0
1442783282 0
1442783342 0
1442783402 0
1442783462 0
1442783522 0
1442783582 0
1442783642 0
1442783702 0
1442783762 0
1442783822 0
1442783882 0
1442783942 0
1442784002 0
1442784062 0
1442784122 0
1442784182 0
1442784242 0
1442784303 0
1442784363 0
1442784423 0
1442784483 0
1442784543 0
1442784603 0
1442784663 0
1442784723 0
1442784783 0
1442784843 0
1442784903 0
1442784963 0
1442785023 0
1442785083 0
1442785143 0
1442785203 0
1442785263 0
1442785323 0
1442785383 0
1442785443 0
1442785504 0
1442785564 0
1442785624 0
1442785684 0
1442785744 0
1442785804 0
1442785864 0
1442785924 0
1442785984 0
1442786044 0
1442786104 0
1442786164 0
1442786224 0
1442786284 0
1442786344 0
1442786404 0
1442786464 0
1442786524 0
1442786584 0
1442786644 0
1442786705 0
1442786765 0
1442786825 0
1442786885 0
1442786945 0
1442787005 1
1442787065 1
1442787125 1
1442787185 1
1442787245 0
1442787305 0
1442787365 0
1442787425 0
1442787485 0
1442787545 0
1442787605 0
1442787665 0
1442787725 0
1442787785 0
1442787845 0
1442787905 0
1442787965 0
1442788025 0
1442788086 3
1442788146 0
1442788206 0
1442788266 0
1442788326 0
1442788386 0
1442788446 0
1442788506 0
1442788566 0
1442788626 1
1442788686 0
1442788746 0
1442788806 0
1442788866 0
1442788926 0
1442788986 0
1442789046 0
1442789106 0
1442789166 0
1442789226 0
1442789287 0
1442789347 0
1442789407 0
1442789467 0
1442789527 0
1442789587 0
1442789647 0
1442789707 0
1442789767 0
1442789827 0
1442789887 0
1442789947 0
1442790007 0
1442790067 0
1442790127 0
1442790187 0
1442790247 0
1442790307 0
1442790367 0
1442790428 0
1442790488 0
1442790548 0
1442790608 0
1442790668 0
1442790728 0
1442790788 0
1442790848 0
1442790908 0
1442790968 0
1442791028 0
1442791088 0
1442791148 0
1442791208 0
1442791268 0
1442791328 0
1442791388 0
1442791449 0
1442791509 0
1442791569 0
1442791629 0
1442791689 0
1442791749 0
1442791809 0
1442791869 0
1442791929 0
1442791989 0
1442792049 0
1442792109 0
1442792169 0
1442792229 0
1442792289 0
1442792349 0
1442792409 0
1442792470 0
1442792530 0
1442792590 0
1442792650 0
1442792710 0
1442792770 0
1442792830 0
1442792890 0
1442792950 0
1442793010 0
1442793070 0
1442793130 0
1442793190 0
1442793250 0
1442793310 0
1442793370 0
1442793430 0
1442793490 0
1442793551 0
1442793611 0
1442793671 0
1442793731 0
1442793791 0
1442793851 0
1442793911 0
1442793971 0
1442794031 0
1442794091 0
1442794151 0
1442794211 0
1442794271 0
1442794331 0
1442794391 0
1442794451 0
1442794511 0
1442794571 0
1442794632 0
1442794692 0
1442794752 0
1442794812 0
1442794872 0
1442794932 0
1442794992 0
1442795052 0
1442795112 0
1442795172 0
1442795232 0
1442795292 0
1442795352 0
1442795412 0
1442795472 0
1442795532 0
1442795592 0
1442795652 0
1442795713 0
1442795773 0
1442795833 0
1442795893 0
1442795953 0
1442796013 0
1442796073 0
1442796133 0
1442796193 0
1442796253 0
1442796313 0
1442796373 0
1442796433 0
1442796493 0
1442796553 0
1442796613 0
1442796673 0
1442796733 0
1442796794 0
1442796854 0
1442796914 0
1442796974 0
1442797034 0
1442797094 0
1442797154 0
1442797214 0
1442797274 0
1442797334 0
1442797394 0
1442797454 0
1442797514 0
1442797574 0
1442797634 0
1442797694 0
1442797754 0
1442797814 0
1442797874 0
1442797934 0
1442797995 0
1442798055 0
1442798115 0
1442798175 0
1442798235 0
1442798295 0
1442798355 0
1442798415 0
1442798475 0
1442798535 0
1442798595 0
1442798655 0
1442798715 0
1442798775 0
1442798835 0
1442798895 0
1442798955 0
1442799015 0
1442799075 0
1442799136 0
1442799196 0
1442799256 0
1442799316 0
1442799376 0
1442799436 0
1442799496 0
1442799556 0
1442799616 0
1442799676 0
1442799736 0
1442799796 0
1442799856 0
1442799916 0
1442799976 0
1442800036 0
1442800096 0
1442800156 0
1442800216 0
1442800277 0
1442800337 0
1442800397 0
1442800457 0
1442800517 0
1442800577 0
1442800637 0
1442800697 0
1442800757 0
1442800817 0
1442800877 0
1442800937 0
1442800997 0
1442801057 0
1442801117 0
1442801177 0
1442801237 0
1442801297 0
1442801357 0
1442801418 0
1442801478 0
1442801538 0
1442801598 0
1442801658 0
1442801718 0
1442801778 0
1442801838 0
1442801898 0
1442801958 0
1442802018 0
1442802078 0
1442802138 0
1442802198 0
1442802258 0
1442802318 0
1442802378 0
1442802438 0
1442802498 0
1442802558 0
1442802618 0
1442802678 0
1442802738 0
1442802799 0
1442802859 0
1442802919 0
1442802979 0
1442803039 0
1442803099 0
1442803159 0
1442803219 0
1442803279 0
1442803339 0
1442803399 0
1442803459 0
1442803519 0
1442803579 0
1442803639 0
1442803699 0
1442803759 0
1442803819 0
1442803879 0
1442803940 0
1442804000 0
1442804060 0
1442804120 0
1442804180 0
1442804240 0
1442804300 0
1442804360 0
1442804420 0
1442804480 0
1442804540 0
1442804600 0
1442804660 0
1442804720 0
1442804780 0
1442804840 0
1442804900 0
1442804960 0
1442805020 0
1442805080 0
1442805141 0
1442805201 0
1442805261 0
1442805321 0
1442805381 0
1442805441 0
1442805501 0
1442805561 0
1442805621 0
1442805681 0
1442805741 0
1442805801 0
1442805861 0
1442805921 0
1442805981 0
1442806041 0
1442806101 0
1442806161 0
1442806221 0
1442806281 0
1442806341 0
1442806401 0
1442806462 0
1442806522 0
1442806582 0
1442806642 0
1442806702 0
1442806762 0
1442806822 0
1442806882 0
1442806942 0
1442807002 0
1442807062 0
1442807122 0
1442807182 0
1442807242 0
1442807302 0
1442807362 0
1442807422 0
1442807482 0
1442807542 0
1442807602 0
1442807662 0
1442807722 0
1442807782 0
1442807842 0
1442807903 0
1442807963 0
1442808023 0
1442808083 0
1442808143 0
1442808203 0
1442808263 0
1442808323 0
1442808383 0
1442808443 0
1442808503 0
1442808563 0
1442808623 0
1442808683 0
1442808743 0
1442808803 0
1442808863 0
1442808923 0
1442808983 0
1442809044 0
1442809104 0
1442809164 0
1442809224 0
1442809284 0
1442809344 0
1442809404 0
1442809464 0
1442809524 0
1442809584 0
1442809644 0
1442809704 0
1442809764 0
1442809824 0
1442809884 0
1442809944 0
1442810004 0
1442810065 0
1442810125 0
1442810185 0
1442810245 0
1442810305 0
1442810365 0
1442810425 0
1442810485 0
1442810545 0
1442810605 0
1442810665 0
1442810725 0
1442810785 0
1442810845 0
1442810905 0
1442810965 0
1442811025 0
1442811085 0
1442811146 0
1442811206 0
1442811266 0
1442811326 0
1442811386 0
1442811446 0
1442811506 0
1442811566 0
1442811626 0
1442811686 0
1442811746 0
1442811806 0
1442811866 0
1442811926 0
1442811986 0
1442812046 0
1442812106 0
1442812166 0
1442812227 0
1442812287 0
1442812347 0
1442812407 0
1442812467 0
1442812527 0
1442812587 0
1442812647 0
1442812707 0
1442812767 0
1442812827 0
1442812887 0
1442812947 0
1442813007 0
1442813067 0
1442813127 0
1442813187 0
1442813247 0
1442813307 0
1442813367 0
1442813427 0
1442813488 0
1442813548 0
1442813608 0
1442813668 0
1442813728 0
1442813788 0
1442813848 0
1442813908 0
1442813968 0
1442814028 0
1442814088 0
1442814148 0
1442814208 0
1442814268 0
1442814328 0
1442814388 0
1442814448 0
1442814508 0
1442814568 0
1442814628 0
1442814689 0
1442814749 0
1442814809 0
1442814869 0
1442814929 0
1442814989 0
1442815049 0
1442815109 0
1442815169 0
1442815229 0
1442815289 0
1442815349 0
1442815409 0
1442815469 0
1442815529 0
1442815589 0
1442815649 0
1442815709 0
1442815769 0
1442815830 0
1442815890 0
1442815950 0
1442816010 0
1442816070 0
1442816130 0
1442816190 0
1442816250 0
1442816310 0
1442816370 0
1442816430 0
1442816490 0
1442816550 0
1442816610 0
1442816670 0
1442816730 0
1442816790 0
1442816850 0
1442816911 0
1442816971 0
1442817031 0
1442817091 0
1442817151 0
1442817211 0
1442817271 0
1442817331 0
1442817391 0
1442817451 0
1442817511 0
1442817571 0
1442817631 0
1442817691 0
1442817751 0
1442817811 0
1442817871 0
1442817931 0
1442817991 0
1442818052 0
1442818112 0
1442818172 0
1442818232 0
1442818292 0
1442818352 0
1442818412 0
1442818472 0
1442818532 0
1442818592 0
1442818652 0
1442818712 0
1442818772 0
1442818832 0
1442818892 0
1442818952 0
