Water Meter Usage Log (timestamp counts/min), Sun Sep  6 14:31:26 2015
1441575087 0
1441575147 0
1441575207 0
1441575267 0
1441575327 0
1441575387 0
1441575447 0
1441575507 0
1441575567 0
1441575628 0
1441575688 0
1441575748 0
1441575808 0
1441575868 0
1441575928 0
1441575988 0
1441576048 0
1441576108 0
1441576168 0
1441576228 0
1441576288 0
1441576348 0
1441576408 0
1441576468 0
1441576528 0
1441576588 1
1441576648 1
1441576709 1
1441576769 1
1441576829 0
1441576889 0
1441576949 0
1441577009 0
1441577069 1
1441577129 0
1441577189 0
1441577249 0
1441577309 0
1441577369 0
1441577429 0
1441577489 0
1441577549 0
1441577609 0
1441577669 0
1441577730 0
1441577790 0
1441577850 0
1441577910 0
1441577970 0
1441578030 0
1441578090 0
1441578150 0
1441578210 0
1441578270 0
1441578330 0
1441578390 0
1441578450 0
1441578510 0
1441578570 0
1441578630 0
1441578690 0
1441578750 0
1441578810 0
1441578871 0
1441578931 0
1441578991 0
1441579051 0
1441579111 0
1441579171 0
1441579231 0
1441579291 0
1441579351 0
1441579411 0
1441579471 0
1441579531 0
1441579591 0
1441579651 0
1441579752 0
1441579812 0
1441579872 0
1441579932 0
1441579992 0
1441580052 0
1441580112 0
1441580172 0
1441580232 0
1441580292 0
1441580352 0
1441580412 0
1441580473 0
1441580533 0
1441580593 0
1441580653 0
1441580713 0
1441580773 0
1441580833 0
1441580893 0
1441580953 0
1441581013 0
1441581073 0
1441581133 0
1441581193 0
1441581253 0
1441581313 0
1441581373 0
1441581433 0
1441581493 0
1441581554 0
1441581614 0
1441581674 0
1441581734 0
1441581794 0
1441581854 0
1441581914 0
1441581974 0
1441582034 0
1441582094 0
1441582154 0
1441582214 0
1441582274 0
1441582334 0
1441582394 0
1441582454 0
1441582514 0
1441582575 0
1441582635 0
1441582695 0
1441582755 0
1441582815 0
1441582875 0
1441582935 0
1441582995 0
1441583055 0
1441583115 0
1441583175 0
1441583235 0
1441583295 0
1441583355 0
1441583415 0
1441583475 0
1441583535 0
1441583596 0
1441583656 0
1441583716 0
1441583776 0
1441583836 0
1441583896 0
1441583956 0
1441584016 0
1441584076 0
1441584136 0
1441584196 0
1441584256 0
1441584316 0
1441584376 0
1441584436 0
1441584496 0
1441584556 0
1441584616 0
1441584677 0
1441584737 0
1441584797 0
1441584857 0
1441584917 0
1441584977 0
1441585037 0
1441585097 0
1441585157 0
1441585217 0
1441585277 0
1441585337 0
1441585397 0
1441585457 0
1441585517 0
1441585577 0
1441585637 0
1441585697 0
1441585757 0
1441585818 0
1441585878 0
1441585938 0
1441585998 0
1441586058 0
1441586118 0
1441586178 0
1441586238 0
1441586298 0
1441586358 0
1441586418 0
1441586478 0
1441586538 0
1441586598 0
1441586658 0
1441586718 0
1441586778 0
1441586838 0
1441586899 0
1441586959 0
1441587019 0
1441587079 0
1441587139 0
1441587199 0
1441587259 0
1441587319 0
1441587379 0
1441587439 0
1441587499 0
1441587559 0
1441587619 0
1441587679 0
1441587739 0
1441587799 0
1441587859 0
1441587919 0
1441587979 0
1441588040 0
1441588100 0
1441588160 0
1441588220 0
1441588280 0
1441588340 0
1441588400 0
1441588460 0
1441588520 0
1441588580 0
1441588640 0
1441588700 0
1441588760 0
1441588820 0
1441588880 0
1441588940 0
1441589000 0
1441589060 0
1441589120 0
1441589180 0
1441589240 0
1441589300 0
1441589360 0
1441589421 0
1441589481 0
1441589541 0
1441589601 0
1441589661 0
1441589721 0
1441589781 0
1441589841 0
1441589901 0
1441589961 0
1441590021 0
1441590081 0
1441590141 0
1441590201 0
1441590261 0
1441590321 0
1441590381 0
1441590441 0
1441590502 0
1441590562 0
1441590622 0
1441590682 0
1441590742 0
1441590802 0
1441590862 0
1441590922 0
1441590982 0
1441591042 0
1441591102 0
1441591162 0
1441591222 0
1441591282 0
1441591342 0
1441591402 0
1441591462 0
1441591523 0
1441591583 0
1441591643 0
1441591703 0
1441591763 0
1441591823 0
1441591883 0
1441591943 0
1441592003 0
1441592063 0
1441592123 0
1441592183 0
1441592243 0
1441592303 0
1441592363 0
1441592423 0
1441592483 0
1441592543 0
1441592604 0
1441592664 0
1441592724 0
1441592784 0
1441592844 0
1441592904 0
1441592964 0
1441593024 0
1441593084 0
1441593144 0
1441593204 0
1441593264 0
1441593324 0
1441593384 0
1441593444 0
1441593504 0
1441593564 0
1441593625 0
1441593685 0
1441593745 0
1441593805 0
1441593865 0
1441593925 0
1441593985 0
1441594045 0
1441594105 0
1441594165 0
1441594225 0
1441594285 0
1441594345 0
1441594405 0
1441594465 0
1441594525 0
1441594585 0
1441594645 0
1441594706 0
1441594766 0
1441594826 0
1441594886 0
1441594946 0
1441595006 0
1441595066 0
1441595126 0
1441595186 0
1441595246 0
1441595306 0
1441595366 0
1441595426 0
1441595486 0
1441595546 0
1441595606 0
1441595666 0
1441595727 0
1441595787 0
1441595847 0
1441595907 0
1441595967 0
1441596027 0
1441596087 0
1441596147 0
1441596207 0
1441596267 0
1441596327 0
1441596387 0
1441596447 0
1441596507 0
1441596567 0
1441596627 0
1441596687 0
1441596747 0
1441596807 0
1441596868 0
1441596928 0
1441596988 0
1441597048 0
1441597108 0
1441597168 0
1441597228 0
1441597288 0
1441597348 0
1441597408 0
1441597468 0
1441597528 0
1441597588 0
1441597648 0
1441597708 0
1441597768 0
1441597828 0
1441597888 0
1441597949 0
1441598009 0
1441598069 0
1441598129 0
1441598189 0
1441598249 0
1441598309 0
1441598369 0
1441598429 0
1441598489 0
1441598549 0
1441598609 0
1441598669 0
1441598729 0
1441598789 0
1441598849 0
1441598909 0
1441598969 0
1441599029 0
1441599089 0
1441599149 0
1441599209 0
1441599270 0
1441599330 0
1441599390 0
1441599450 0
1441599510 0
1441599570 0
1441599630 0
1441599690 0
1441599750 0
1441599810 0
1441599870 0
1441599930 0
1441599990 0
1441600050 0
1441600110 0
1441600170 0
1441600230 0
1441600291 0
1441600351 0
1441600411 0
1441600471 0
1441600531 0
1441600591 0
1441600651 0
1441600711 0
1441600771 0
1441600831 0
1441600891 0
1441600951 0
1441601011 0
1441601071 0
1441601131 0
1441601191 0
1441601251 0
1441601311 0
1441601372 0
1441601432 0
1441601492 0
1441601552 0
1441601612 0
1441601672 0
1441601732 0
1441601792 0
1441601852 0
1441601912 0
1441601972 0
1441602032 0
1441602092 0
1441602152 0
1441602212 0
1441602272 0
1441602332 0
1441602392 0
1441602453 0
1441602513 0
1441602573 0
1441602633 0
1441602693 0
1441602753 0
1441602813 0
1441602873 0
1441602933 0
1441602993 0
1441603053 0
1441603113 0
1441603173 0
1441603233 0
1441603293 0
1441603353 0
1441603413 0
1441603473 0
1441603534 0
1441603594 0
1441603654 0
1441603714 0
1441603774 0
1441603834 0
1441603894 0
1441603954 0
1441604014 0
1441604074 0
1441604134 0
1441604194 0
1441604254 0
1441604314 0
1441604374 0
1441604434 0
1441604494 0
1441604554 0
1441604615 0
1441604675 0
1441604735 0
1441604795 0
1441604855 0
1441604915 0
1441604975 0
1441605035 0
1441605095 0
1441605155 0
1441605215 0
1441605275 0
1441605335 0
1441605395 0
1441605455 0
1441605515 0
1441605576 0
1441605636 0
1441605696 0
1441605756 0
1441605816 0
1441605876 0
1441605936 0
1441605996 0
1441606056 0
1441606116 0
1441606176 0
1441606236 0
1441606296 0
1441606356 0
1441606416 0
1441606476 0
1441606536 0
1441606597 0
1441606657 0
1441606717 0
1441606777 0
1441606837 0
1441606897 0
1441606957 0
1441607017 0
1441607077 0
1441607137 0
1441607197 0
1441607257 0
1441607317 0
1441607377 0
1441607437 0
1441607497 0
1441607557 0
1441607618 0
1441607678 0
1441607738 0
1441607798 0
1441607858 0
1441607918 0
1441607978 0
1441608038 0
1441608098 0
1441608158 0
1441608218 0
1441608278 0
1441608338 0
1441608398 0
1441608458 0
1441608518 0
1441608578 0
1441608638 0
1441608699 0
1441608759 0
1441608819 0
1441608879 0
1441608939 0
1441608999 0
1441609059 0
1441609119 0
1441609179 0
1441609239 0
1441609299 0
1441609359 0
1441609419 0
1441609479 0
1441609539 0
1441609599 0
1441609659 0
1441609720 0
1441609780 0
1441609840 0
1441609900 0
1441609960 0
1441610020 0
1441610080 0
1441610140 0
1441610200 0
1441610260 0
1441610320 0
1441610380 0
1441610440 0
1441610500 0
1441610560 0
1441610620 0
1441610680 0
1441610740 0
1441610801 0
1441610861 0
1441610921 0
1441610981 0
1441611041 0
1441611101 0
1441611161 0
1441611221 0
1441611281 0
1441611341 0
1441611401 0
1441611461 0
1441611521 0
1441611581 0
1441611641 0
1441611701 0
1441611761 0
1441611821 0
1441611881 0
1441611942 0
1441612002 0
1441612062 0
1441612122 0
1441612182 0
1441612242 0
1441612302 0
1441612362 0
1441612422 0
1441612482 0
1441612542 0
1441612602 0
1441612662 0
1441612722 0
1441612782 0
1441612842 0
1441612902 0
1441612963 0
1441613023 0
1441613083 0
1441613143 0
1441613203 0
1441613263 0
1441613323 0
1441613383 0
1441613443 0
1441613503 0
1441613563 0
1441613623 0
1441613683 0
1441613743 0
1441613803 0
1441613863 0
1441613923 0
1441613984 0
1441614044 0
1441614104 0
1441614164 0
1441614224 0
1441614284 0
1441614344 0
1441614404 0
1441614464 0
1441614524 0
1441614584 0
1441614644 0
1441614704 0
1441614764 0
1441614824 0
1441614884 0
1441614944 0
1441615005 0
1441615065 0
1441615125 0
1441615185 0
1441615245 0
1441615305 0
1441615365 0
1441615425 0
1441615485 0
1441615545 0
1441615605 0
1441615665 0
1441615725 0
1441615785 0
1441615845 0
1441615905 0
1441615965 0
1441616025 0
1441616086 0
1441616146 0
1441616206 0
1441616266 0
1441616326 0
1441616386 0
1441616446 0
1441616506 0
1441616566 0
1441616626 0
1441616686 0
1441616746 0
1441616806 0
1441616866 0
1441616926 0
1441616986 0
1441617046 0
1441617107 0
1441617167 0
1441617227 1
1441617287 5
1441617347 4
1441617407 4
1441617467 5
1441617527 4
1441617587 5
1441617647 4
1441617707 5
1441617767 4
1441617827 5
1441617887 4
1441617947 4
1441618007 5
1441618067 4
1441618127 5
1441618187 4
1441618248 5
1441618308 4
1441618368 4
1441618428 4
1441618488 0
1441618548 0
1441618608 0
1441618668 0
1441618728 0
1441618788 0
1441618848 0
1441618908 0
1441618968 0
1441619028 0
1441619088 0
1441619148 0
1441619208 0
1441619268 0
1441619329 0
1441619389 0
1441619449 0
1441619509 0
1441619569 0
1441619629 0
1441619689 0
1441619749 0
1441619809 0
1441619869 0
1441619929 0
1441619989 0
1441620049 0
1441620109 0
1441620169 0
1441620229 0
1441620289 0
1441620349 0
1441620410 0
1441620470 0
1441620530 0
1441620590 0
1441620650 0
1441620710 0
1441620770 0
1441620830 0
1441620890 0
1441620950 0
1441621010 0
1441621070 0
1441621130 0
1441621190 0
1441621250 0
1441621310 0
1441621370 0
1441621430 0
1441621490 0
1441621551 0
1441621611 0
1441621671 0
1441621731 0
1441621791 0
1441621851 0
1441621911 0
1441621971 0
1441622031 0
1441622091 0
1441622151 0
1441622211 0
1441622271 0
1441622331 0
1441622391 0
1441622451 0
1441622511 0
1441622571 0
1441622631 0
1441622691 0
1441622751 0
1441622812 0
1441622872 0
1441622932 0
1441622991 0
1441623051 0
1441623111 0
1441623171 0
1441623231 0
1441623292 0
1441623352 0
1441623412 0
1441623472 0
1441623532 0
1441623592 0
1441623652 0
1441623712 0
1441623772 0
1441623832 0
1441623892 0
1441623952 0
1441624012 0
1441624072 0
1441624132 0
1441624192 0
1441624252 0
1441624312 0
1441624373 0
1441624433 0
1441624493 0
1441624553 0
1441624613 0
1441624673 0
1441624733 0
1441624793 0
1441624853 0
1441624913 0
1441624973 0
1441625033 0
1441625093 0
1441625154 0
1441625214 0
1441625274 0
1441625334 0
1441625394 0
1441625454 0
1441625514 0
1441625574 0
1441625634 0
1441625694 0
1441625754 0
1441625814 0
1441625874 0
1441625934 0
1441625994 0
1441626054 0
1441626114 0
1441626174 0
1441626234 0
1441626295 0
1441626355 0
1441626415 0
1441626475 0
1441626535 0
1441626595 0
1441626655 0
1441626715 0
1441626775 0
1441626835 0
1441626895 0
1441626955 0
1441627015 0
1441627075 0
1441627135 0
1441627195 0
1441627255 1
1441627315 1
1441627375 2
1441627435 1
1441627495 1
1441627555 0
1441627616 0
1441627676 0
1441627736 0
1441627796 0
1441627856 0
1441627916 0
1441627976 0
1441628036 0
1441628096 0
1441628156 0
1441628216 0
1441628276 0
1441628336 0
1441628396 0
1441628456 0
1441628516 0
1441628576 0
1441628636 0
1441628696 0
1441628757 0
1441628817 0
1441628877 0
1441628937 0
1441628997 0
1441629057 0
1441629117 0
1441629177 0
1441629237 0
1441629297 0
1441629357 0
1441629417 0
1441629477 0
1441629537 0
1441629597 0
1441629657 0
1441629717 0
1441629777 0
1441629837 0
1441629897 0
1441629958 0
1441630018 0
1441630078 0
1441630138 0
1441630198 0
1441630258 0
1441630318 0
1441630378 0
1441630438 0
1441630498 0
1441630558 0
1441630618 0
1441630678 0
1441630738 0
1441630798 0
1441630858 0
1441630918 0
1441630978 0
1441631038 0
1441631098 0
1441631159 0
1441631219 0
1441631279 0
1441631339 0
1441631399 0
1441631459 0
1441631519 0
1441631579 0
1441631639 0
1441631699 0
1441631759 0
1441631819 0
1441631879 0
1441631939 0
1441631999 0
1441632059 0
1441632119 0
1441632179 0
1441632240 0
1441632300 0
1441632360 0
1441632420 0
1441632480 0
1441632540 0
1441632600 0
1441632660 0
1441632720 0
1441632780 0
1441632840 0
1441632900 0
1441632960 0
1441633020 0
1441633080 0
1441633140 0
1441633200 0
1441633260 0
1441633320 0
1441633380 0
1441633440 0
1441633501 0
1441633561 0
1441633621 0
1441633681 0
1441633741 0
1441633801 0
1441633861 0
1441633921 0
1441633981 0
1441634041 0
1441634101 0
1441634161 0
1441634221 0
1441634281 0
1441634341 0
1441634401 0
1441634461 0
1441634521 0
1441634581 0
1441634642 0
1441634702 0
1441634762 0
1441634822 0
1441634882 0
1441634942 0
1441635002 0
1441635062 0
1441635122 0
1441635182 0
1441635242 0
1441635302 0
1441635362 0
1441635422 0
1441635482 0
1441635542 0
1441635602 0
1441635662 0
1441635722 0
1441635782 0
1441635843 0
1441635903 0
1441635963 1
1441636023 3
1441636083 3
1441636143 3
1441636203 3
1441636263 3
1441636323 3
1441636383 3
1441636443 3
1441636503 3
1441636563 3
1441636623 3
1441636683 3
1441636743 4
1441636803 3
1441636863 2
1441636923 0
1441636984 0
1441637044 0
1441637104 0
1441637164 0
1441637224 0
1441637284 0
1441637344 0
1441637404 0
1441637464 0
1441637524 0
1441637584 0
1441637644 0
1441637704 0
1441637764 0
1441637824 0
1441637884 0
1441637944 0
1441638004 0
1441638064 0
1441638124 0
1441638185 0
1441638245 0
1441638305 0
1441638365 0
1441638425 0
1441638485 0
1441638545 0
1441638605 0
1441638665 0
1441638725 0
1441638785 0
1441638845 0
1441638905 0
1441638965 0
1441639025 0
1441639085 0
1441639145 0
1441639205 0
1441639265 0
1441639326 0
1441639386 0
1441639446 0
1441639506 0
1441639566 0
1441639626 0
1441639686 0
1441639746 0
1441639806 0
1441639866 0
1441639926 0
1441639986 0
1441640046 0
1441640106 0
1441640166 0
1441640226 0
1441640286 0
1441640346 0
1441640406 0
1441640466 0
1441640526 0
1441640587 0
1441640647 0
1441640707 0
1441640767 0
1441640827 0
1441640887 0
1441640947 0
1441641007 0
1441641067 0
1441641127 0
1441641187 0
1441641247 0
1441641307 0
1441641367 0
1441641427 0
1441641487 0
1441641547 0
1441641607 0
1441641667 0
1441641727 0
1441641787 0
1441641847 0
1441641908 0
1441641968 0
1441642028 0
1441642088 0
1441642148 0
1441642208 0
1441642268 0
1441642328 0
1441642388 0
1441642448 0
1441642508 0
1441642568 0
1441642628 0
1441642688 0
1441642748 0
1441642808 0
1441642868 0
1441642928 0
1441642988 0
1441643048 0
1441643109 0
1441643169 0
1441643229 0
1441643289 0
1441643349 0
1441643409 0
1441643469 0
1441643529 0
1441643589 0
1441643649 0
1441643709 0
1441643769 0
1441643829 0
1441643889 0
1441643949 0
1441644009 0
1441644069 0
1441644129 0
1441644189 0
1441644249 0
1441644310 0
1441644370 0
1441644430 0
1441644490 0
1441644550 0
1441644610 0
1441644670 0
1441644730 0
1441644790 0
1441644850 0
1441644910 0
1441644970 0
1441645030 0
1441645090 0
1441645150 0
1441645210 0
1441645270 0
1441645330 0
1441645390 0
1441645451 0
1441645511 0
1441645571 0
1441645631 0
1441645691 0
1441645751 0
1441645811 0
1441645871 0
1441645931 0
1441645991 0
1441646051 0
1441646111 0
1441646171 0
1441646231 0
1441646291 0
1441646351 0
1441646411 0
1441646472 0
1441646532 0
1441646592 0
1441646652 0
1441646712 0
1441646772 0
1441646832 0
1441646892 0
1441646952 0
1441647012 0
1441647072 0
1441647132 0
1441647192 0
1441647252 0
1441647312 0
1441647372 0
1441647432 0
1441647493 0
1441647553 0
1441647613 0
1441647673 0
1441647733 0
1441647793 0
1441647853 0
1441647913 0
1441647973 0
1441648033 1
1441648093 0
1441648153 0
1441648213 0
1441648273 0
1441648333 0
1441648393 0
1441648454 0
1441648514 0
1441648574 0
1441648634 0
1441648694 0
1441648754 0
1441648814 0
1441648874 0
1441648934 0
1441648994 0
1441649054 0
1441649114 0
1441649174 0
1441649234 0
1441649294 0
1441649354 0
1441649414 0
1441649474 0
1441649535 0
1441649595 0
1441649655 0
1441649715 0
1441649775 0
1441649835 0
1441649895 0
1441649955 0
1441650015 0
1441650075 0
1441650135 0
1441650195 0
1441650255 0
1441650315 0
1441650375 0
1441650435 0
1441650495 0
1441650555 0
1441650615 0
1441650676 0
1441650736 0
1441650796 0
1441650856 0
1441650916 0
1441650976 0
1441651036 0
1441651096 0
1441651156 0
1441651216 0
1441651276 0
1441651336 0
1441651396 0
1441651456 0
1441651516 0
1441651576 0
1441651636 0
1441651697 0
1441651757 0
1441651817 0
1441651877 0
1441651937 0
1441651997 0
1441652057 0
1441652117 0
1441652177 0
1441652237 0
1441652297 0
1441652357 0
1441652417 0
1441652477 0
1441652537 0
1441652597 0
1441652657 0
1441652717 0
1441652777 0
1441652838 0
1441652898 0
1441652958 0
1441653018 0
1441653078 0
1441653138 0
1441653198 0
1441653258 0
1441653318 0
1441653378 0
1441653438 0
1441653498 0
1441653558 0
1441653618 0
1441653678 0
1441653738 0
1441653798 0
1441653858 0
1441653919 0
1441653979 0
1441654039 0
1441654099 0
1441654159 0
1441654219 0
1441654279 0
1441654339 0
1441654399 0
1441654459 1
1441654519 1
1441654579 2
1441654639 1
1441654699 1
1441654759 1
1441654819 0
1441654879 0
1441654939 0
1441654999 0
1441655059 0
1441655119 0
1441655180 0
1441655240 0
1441655300 0
1441655360 0
1441655420 0
1441655480 0
1441655540 0
1441655600 0
1441655660 0
1441655720 0
1441655780 0
1441655840 0
1441655900 0
1441655960 0
1441656020 0
1441656080 0
1441656140 0
1441656200 0
1441656261 0
1441656321 0
1441656381 0
1441656441 0
1441656501 0
1441656561 0
1441656621 0
1441656681 0
1441656741 0
1441656801 0
1441656861 0
1441656921 0
1441656981 0
1441657041 0
1441657101 0
1441657161 0
1441657221 0
1441657281 0
1441657342 0
1441657402 0
1441657462 0
1441657522 0
1441657582 0
1441657642 0
1441657702 0
1441657762 0
1441657822 0
1441657882 0
1441657942 0
1441658002 0
1441658062 0
1441658122 0
1441658182 0
1441658242 0
1441658302 0
1441658363 0
1441658423 0
1441658483 0
1441658543 0
1441658603 0
1441658663 0
1441658723 0
1441658783 0
1441658843 0
1441658903 0
1441658963 0
1441659023 0
1441659083 0
1441659143 0
1441659203 0
1441659263 0
1441659323 0
1441659383 0
1441659444 0
1441659504 0
1441659564 0
1441659624 0
1441659684 0
1441659744 0
1441659804 0
1441659864 0
1441659924 0
1441659984 0
1441660044 0
1441660104 0
1441660164 0
1441660224 0
1441660284 0
1441660344 0
1441660404 0
1441660465 0
1441660525 0
1441660585 0
1441660645 0
1441660705 0
1441660765 0
1441660825 0
1441660885 0
1441660945 0
1441661005 0
1441661065 0
1441661125 0
1441661185 0
1441661245 0
1441661305 0
1441661365 0
1441661425 0
1441661485 0
1441661546 0
1441661606 0
1441661666 0
1441661726 0
1441661786 0
1441661846 0
1441661906 0
1441661966 0
1441662026 0
1441662086 0
1441662146 0
1441662206 0
1441662266 0
1441662326 0
1441662386 0
1441662446 0
1441662506 0
1441662566 0
1441662626 0
1441662687 0
1441662747 0
1441662807 0
1441662867 0
1441662927 0
1441662987 0
1441663047 0
1441663107 0
1441663167 0
1441663227 0
1441663287 0
1441663347 0
1441663407 0
1441663467 0
1441663527 0
1441663587 0
1441663647 0
1441663708 0
1441663768 0
1441663828 0
1441663888 0
1441663948 0
1441664008 0
1441664068 0
1441664128 0
1441664188 0
1441664248 0
1441664308 0
1441664368 0
1441664428 0
1441664488 0
1441664548 0
1441664608 0
1441664668 0
1441664728 0
1441664789 0
1441664849 0
1441664909 0
1441664969 0
1441665029 0
1441665089 0
1441665149 0
1441665209 0
1441665269 0
1441665329 0
1441665389 0
1441665449 0
1441665509 0
1441665569 0
1441665629 0
1441665689 0
1441665749 0
1441665809 0
1441665870 0
1441665930 0
1441665990 0
1441666050 0
1441666110 0
1441666170 0
1441666230 0
1441666290 0
1441666350 0
1441666410 0
1441666470 0
1441666530 0
1441666590 0
1441666650 0
1441666710 0
1441666770 0
1441666830 0
1441666890 0
1441666951 0
1441667011 0
1441667071 0
1441667131 0
1441667191 0
1441667251 0
1441667311 0
1441667371 0
1441667431 0
1441667491 0
1441667551 0
1441667611 0
1441667671 0
1441667731 0
1441667791 0
1441667851 0
1441667911 0
1441667972 0
1441668032 0
1441668092 0
1441668152 0
1441668212 0
1441668272 0
1441668332 0
1441668392 0
1441668452 0
1441668512 0
1441668572 0
1441668632 0
1441668692 0
1441668752 0
1441668812 0
1441668872 0
1441668932 0
1441668993 0
1441669053 0
1441669113 0
1441669173 0
1441669233 0
1441669293 0
1441669353 0
1441669413 0
1441669473 0
1441669533 0
1441669593 0
1441669653 0
1441669713 0
1441669773 0
1441669833 0
1441669893 0
1441669953 0
1441670013 0
1441670073 0
1441670133 0
1441670194 0
1441670254 0
1441670314 0
1441670374 0
1441670434 0
1441670494 0
1441670554 0
1441670614 0
1441670674 0
1441670734 0
1441670794 0
1441670854 0
1441670914 0
1441670974 0
1441671034 0
1441671094 0
1441671154 0
1441671215 0
1441671275 0
1441671335 0
1441671395 0
1441671455 0
1441671515 0
1441671575 0
1441671635 0
1441671695 0
1441671755 0
1441671815 0
1441671875 0
1441671935 0
1441671995 0
1441672055 0
1441672115 0
1441672175 0
1441672236 0
1441672296 0
1441672356 0
1441672416 0
1441672476 0
1441672536 0
1441672596 0
1441672656 0
1441672716 0
1441672776 0
1441672836 0
1441672896 0
1441672956 0
1441673016 0
1441673076 0
1441673136 0
1441673196 0
1441673257 0
1441673317 0
1441673377 0
1441673437 0
1441673497 0
1441673557 0
1441673617 0
1441673677 0
1441673737 0
1441673797 0
1441673857 0
1441673917 0
1441673977 0
1441674037 0
1441674097 0
1441674157 0
1441674217 0
1441674277 0
1441674338 0
1441674398 0
1441674458 0
1441674518 0
1441674578 0
1441674638 0
1441674698 0
1441674758 0
1441674818 0
1441674878 0
1441674938 0
1441674998 0
1441675058 0
1441675118 0
1441675178 0
1441675238 0
1441675298 0
1441675358 0
1441675419 0
1441675479 0
1441675539 0
1441675599 0
1441675659 0
1441675719 0
1441675779 0
1441675839 0
1441675899 0
1441675959 0
1441676019 0
1441676079 0
1441676139 0
1441676199 0
1441676259 0
1441676319 0
1441676380 0
1441676440 0
1441676500 0
1441676560 0
1441676620 0
1441676680 0
1441676740 0
1441676800 0
1441676860 0
1441676920 0
1441676980 0
1441677040 0
1441677100 0
1441677160 0
1441677220 0
1441677280 0
1441677340 0
1441677400 0
1441677460 0
1441677521 0
1441677581 0
1441677641 0
1441677701 0
1441677761 0
1441677821 0
1441677881 0
1441677941 0
1441678001 0
1441678061 0
1441678121 0
1441678181 0
1441678241 0
1441678301 0
1441678361 0
1441678421 0
1441678481 0
1441678541 0
1441678601 0
1441678662 0
1441678722 0
1441678782 0
1441678842 0
1441678902 0
1441678962 0
1441679022 0
1441679082 0
1441679142 0
1441679202 0
1441679262 0
1441679322 0
1441679382 0
1441679442 0
1441679502 0
1441679562 0
1441679622 0
1441679682 0
1441679742 0
1441679803 0
1441679863 0
1441679923 0
1441679983 2
1441680043 2
1441680103 3
1441680163 6
1441680223 0
1441680283 0
1441680343 0
1441680403 0
1441680463 0
1441680523 0
1441680583 0
1441680643 0
1441680703 0
1441680763 0
1441680824 0
1441680884 0
1441680944 0
1441681004 0
1441681064 0
1441681124 0
1441681184 0
1441681244 0
1441681304 0
1441681364 0
1441681424 0
1441681484 0
1441681544 0
1441681604 0
1441681664 0
1441681724 0
1441681785 0
1441681845 0
1441681905 0
1441681965 0
1441682025 0
1441682085 0
1441682145 0
1441682205 0
1441682265 0
1441682325 0
1441682385 0
1441682445 0
1441682505 0
1441682565 0
1441682625 0
1441682685 0
1441682745 0
1441682805 0
1441682866 0
1441682926 0
1441682986 0
1441683046 0
1441683106 0
1441683166 0
1441683226 0
1441683286 0
1441683346 0
1441683406 0
1441683466 0
1441683526 0
1441683586 0
1441683646 0
1441683706 0
1441683766 0
1441683826 0
1441683887 0
1441683947 0
1441684007 0
1441684067 0
1441684127 0
1441684187 0
1441684247 0
1441684307 0
1441684367 0
1441684427 0
1441684487 0
1441684547 0
1441684607 0
1441684667 0
1441684727 0
1441684787 0
1441684847 0
1441684908 0
1441684968 0
1441685028 0
1441685088 0
1441685148 0
1441685208 0
1441685268 0
1441685328 0
1441685388 0
1441685448 0
1441685508 0
1441685568 0
1441685628 0
1441685688 0
1441685748 0
1441685808 0
1441685868 0
1441685928 0
1441685989 0
1441686049 0
1441686109 0
1441686169 0
1441686229 0
1441686289 0
1441686349 0
1441686409 0
1441686469 0
1441686529 0
1441686589 0
1441686649 0
1441686709 0
1441686769 0
1441686829 0
1441686889 0
1441686949 0
1441687009 0
1441687069 0
1441687129 0
1441687189 0
1441687249 0
1441687309 0
1441687369 0
1441687430 0
1441687490 0
1441687550 0
1441687610 0
1441687670 0
1441687730 0
1441687790 0
1441687850 0
1441687910 0
1441687970 0
1441688030 0
1441688090 0
1441688150 0
1441688210 0
1441688270 8
1441688330 2
1441688391 1
1441688451 1
1441688511 1
1441688571 2
1441688631 1
1441688691 1
1441688751 1
1441688811 1
1441688871 1
1441688931 2
1441688991 1
1441689051 1
1441689111 1
1441689171 1
1441689231 1
1441689291 2
1441689351 1
1441689412 1
1441689472 7
1441689532 9
1441689592 1
1441689652 2
1441689712 1
1441689772 1
1441689832 2
1441689892 1
1441689952 1
1441690012 2
1441690072 1
1441690132 1
1441690192 1
1441690252 2
1441690312 1
1441690372 1
1441690432 2
1441690493 1
1441690553 1
1441690613 1
1441690673 1
1441690733 0
1441690793 0
1441690853 0
1441690913 0
1441690973 0
1441691033 0
1441691093 0
1441691153 0
1441691213 0
1441691273 0
1441691333 0
1441691393 0
1441691453 0
1441691514 0
1441691574 0
1441691634 0
1441691694 0
1441691754 0
1441691814 0
1441691874 0
1441691934 0
1441691994 0
1441692054 0
1441692114 0
1441692174 0
1441692234 0
1441692294 0
1441692354 0
1441692414 0
1441692474 0
1441692535 0
1441692595 0
1441692655 0
1441692715 0
1441692775 0
1441692835 0
1441692895 0
1441692955 0
1441693015 0
1441693075 0
1441693135 0
1441693195 0
1441693255 0
1441693315 0
1441693375 0
1441693435 0
1441693495 0
1441693555 0
1441693616 0
1441693676 0
1441693736 0
1441693796 0
1441693856 0
1441693916 0
1441693976 0
1441694036 0
1441694096 0
1441694156 0
1441694216 0
1441694276 0
1441694336 0
1441694396 0
1441694456 0
1441694516 0
1441694576 0
1441694637 0
1441694697 0
1441694757 0
1441694817 0
1441694877 0
1441694937 0
1441694997 0
1441695057 0
1441695117 0
1441695177 0
1441695237 0
1441695297 0
1441695357 0
1441695417 0
1441695477 0
1441695537 0
1441695597 0
1441695657 0
1441695717 0
1441695777 0
1441695838 0
1441695898 0
1441695958 0
1441696018 0
1441696078 0
1441696138 0
1441696198 0
1441696258 0
1441696318 0
1441696378 0
1441696438 0
1441696498 0
1441696558 0
1441696618 0
1441696678 0
1441696738 0
1441696798 0
1441696859 0
1441696919 0
1441696979 0
1441697039 0
1441697099 0
1441697159 0
1441697219 0
1441697279 0
1441697339 0
1441697399 0
1441697459 0
1441697519 0
1441697579 0
1441697639 0
1441697699 0
1441697759 0
1441697819 0
1441697879 0
1441697940 0
1441698000 0
1441698060 0
1441698120 0
1441698180 0
1441698240 0
1441698300 0
1441698360 0
1441698420 0
1441698480 0
1441698540 0
1441698600 0
1441698660 0
1441698720 0
1441698780 0
1441698840 0
1441698900 0
1441698961 0
1441699021 0
1441699081 0
1441699141 0
1441699201 0
1441699261 0
1441699321 0
1441699381 0
1441699441 0
1441699501 0
1441699561 0
1441699621 0
1441699681 0
1441699741 0
1441699801 0
1441699861 0
1441699921 0
1441699981 0
1441700042 0
1441700102 0
1441700162 0
1441700222 0
1441700282 0
1441700342 0
1441700402 0
1441700462 0
1441700522 0
1441700582 0
1441700642 0
1441700702 0
1441700762 0
1441700822 0
1441700882 0
1441700942 0
1441701002 0
1441701063 0
1441701123 0
1441701183 0
1441701243 0
1441701303 0
1441701363 0
1441701423 0
1441701483 0
1441701543 0
1441701603 0
1441701663 0
1441701723 0
1441701783 0
1441701843 0
1441701903 0
1441701963 0
1441702023 0
1441702083 0
1441702144 0
1441702204 0
1441702264 0
1441702324 0
1441702384 0
1441702444 0
1441702504 0
1441702564 0
1441702624 0
1441702684 0
1441702744 0
1441702804 0
1441702864 0
1441702924 0
1441702984 0
1441703044 0
1441703104 0
1441703165 0
1441703225 0
1441703285 0
1441703345 0
1441703405 0
1441703465 0
1441703525 0
1441703585 0
1441703645 0
1441703705 0
1441703765 0
1441703825 0
1441703885 0
1441703945 0
1441704005 0
1441704065 0
1441704125 0
1441704186 0
1441704246 0
1441704306 0
1441704366 0
1441704426 0
1441704486 0
1441704546 0
1441704606 0
1441704666 0
1441704726 0
1441704786 0
1441704846 0
1441704906 0
1441704966 0
1441705026 0
1441705086 0
1441705146 0
1441705206 0
1441705267 0
1441705327 0
1441705387 0
1441705447 0
1441705507 0
1441705567 0
1441705627 0
1441705687 0
1441705747 0
1441705807 0
1441705867 0
1441705927 0
1441705987 0
1441706047 0
1441706107 0
1441706167 0
1441706227 0
1441706288 0
1441706348 0
1441706408 0
1441706468 0
1441706528 0
1441706588 0
1441706648 0
1441706708 0
1441706768 0
1441706828 0
1441706888 0
1441706948 0
1441707008 0
1441707068 0
1441707128 0
1441707188 0
1441707248 0
1441707309 0
1441707369 0
1441707429 0
1441707489 0
1441707549 0
1441707609 0
1441707669 0
1441707729 0
1441707789 0
1441707849 0
1441707909 0
1441707969 0
1441708029 0
1441708089 0
1441708149 0
1441708209 0
1441708270 0
1441708330 0
1441708390 0
1441708450 0
1441708510 0
1441708570 0
1441708630 0
1441708690 0
1441708750 0
1441708810 0
1441708870 0
1441708930 0
1441708990 0
1441709050 0
1441709110 0
1441709170 0
1441709230 0
1441709290 0
1441709350 0
1441709410 0
1441709470 0
1441709531 0
1441709591 0
1441709651 0
1441709711 0
1441709771 0
1441709831 1
1441709891 8
1441709951 1
1441710011 1
1441710071 1
1441710131 1
1441710191 1
1441710251 2
1441710311 1
1441710371 1
1441710431 1
1441710492 1
1441710552 2
1441710612 1
1441710672 1
1441710732 2
1441710792 9
1441710852 6
1441710912 2
1441710972 1
1441711032 1
1441711092 2
1441711152 1
1441711212 1
1441711272 2
1441711332 1
1441711392 1
1441711452 1
1441711513 2
1441711573 1
1441711633 1
1441711693 0
1441711753 0
1441711813 0
1441711873 0
1441711933 0
1441711993 0
1441712053 0
1441712113 0
1441712173 0
1441712233 0
1441712293 0
1441712353 0
1441712413 0
1441712473 0
1441712534 0
1441712594 0
1441712654 0
1441712714 0
1441712774 0
1441712834 0
1441712894 0
1441712954 0
1441713014 0
1441713074 0
1441713134 0
1441713194 0
1441713254 0
1441713314 0
1441713374 0
1441713434 0
1441713494 0
1441713554 0
1441713614 0
1441713675 1
1441713735 1
1441713795 2
1441713855 1
1441713915 1
1441713975 0
1441714035 0
1441714095 0
1441714155 0
1441714215 0
1441714275 0
1441714335 0
1441714395 0
1441714455 0
1441714515 0
1441714575 0
1441714635 0
1441714696 0
1441714756 0
1441714816 0
1441714876 0
1441714936 0
1441714996 0
1441715056 0
1441715116 0
1441715176 0
1441715236 0
1441715296 0
1441715356 0
1441715416 0
1441715476 0
1441715536 0
1441715596 0
1441715656 0
1441715717 0
1441715777 1
1441715837 1
1441715897 1
1441715957 1
1441716017 1
1441716077 1
1441716137 1
1441716197 1
1441716257 1
1441716317 1
1441716377 0
1441716437 0
1441716497 0
1441716557 0
1441716617 0
1441716677 0
1441716737 0
1441716797 0
1441716857 0
1441716918 0
1441716978 0
1441717038 0
1441717098 0
1441717158 0
1441717218 0
1441717278 0
1441717338 0
1441717398 0
1441717458 0
1441717518 3
1441717578 6
1441717638 5
1441717698 5
1441717758 5
1441717818 6
1441717878 5
1441717939 5
1441717999 6
1441718059 5
1441718119 5
1441718179 6
1441718239 5
1441718299 5
1441718359 5
1441718419 6
1441718479 5
1441718539 5
1441718599 6
1441718659 5
1441718719 3
1441718779 0
1441718839 0
1441718899 0
1441718959 0
1441719019 0
1441719079 0
1441719139 0
1441719199 0
1441719259 0
1441719319 0
1441719380 0
1441719440 0
1441719500 0
1441719560 0
1441719620 0
1441719680 0
1441719740 0
1441719800 0
1441719860 0
1441719920 0
1441719980 0
1441720040 0
1441720100 0
1441720160 0
1441720220 0
1441720280 0
1441720340 0
1441720400 0
1441720460 0
1441720520 0
1441720581 0
1441720641 0
1441720701 0
1441720761 0
1441720821 0
1441720881 0
1441720941 0
1441721001 0
1441721061 0
1441721121 0
1441721181 0
1441721241 0
1441721301 0
1441721361 0
1441721421 0
1441721481 0
1441721541 0
1441721601 0
1441721662 0
1441721722 0
1441721782 0
1441721842 0
1441721902 0
1441721962 0
1441722022 0
1441722082 0
1441722142 0
1441722202 0
1441722262 0
1441722322 0
1441722382 0
1441722442 0
1441722502 0
1441722562 0
1441722623 0
1441722683 0
1441722743 0
1441722803 0
1441722863 0
1441722923 0
1441722983 0
1441723043 0
1441723103 0
1441723163 0
1441723223 0
1441723283 0
1441723343 0
1441723403 0
1441723463 0
1441723523 0
1441723583 0
1441723643 0
1441723704 0
1441723764 0
1441723824 0
1441723884 0
1441723944 0
1441724004 0
1441724064 0
1441724124 0
1441724184 0
1441724244 0
1441724304 0
1441724364 0
1441724424 0
1441724484 0
1441724544 0
1441724604 0
1441724664 0
1441724725 0
1441724785 0
1441724845 0
1441724905 0
1441724965 0
1441725025 0
1441725085 0
1441725145 0
1441725205 0
1441725265 0
1441725325 0
1441725385 0
1441725445 0
1441725505 0
1441725565 0
1441725625 0
1441725685 0
1441725746 0
1441725806 0
1441725866 0
1441725926 0
1441725986 0
1441726046 0
1441726106 0
1441726166 0
1441726226 0
1441726286 0
1441726346 0
1441726406 0
1441726466 0
1441726526 0
1441726586 0
1441726646 0
1441726706 0
1441726766 0
1441726827 0
1441726887 0
1441726947 0
1441727007 0
1441727067 0
1441727127 0
1441727187 0
1441727247 0
1441727307 0
1441727367 0
1441727427 0
1441727487 0
1441727547 0
1441727607 0
1441727667 0
1441727727 0
1441727787 0
1441727847 0
1441727907 0
1441727967 0
1441728027 0
1441728088 0
1441728148 2
1441728208 1
1441728268 0
1441728328 0
1441728388 0
1441728448 0
1441728508 0
1441728568 0
1441728628 0
1441728688 0
1441728748 0
1441728808 0
1441728868 0
1441728928 0
1441728988 0
1441729048 0
1441729109 0
1441729169 0
1441729229 0
1441729289 0
1441729349 0
1441729409 0
1441729469 0
1441729529 0
1441729589 0
1441729649 0
1441729709 0
1441729769 0
1441729829 0
1441729889 0
1441729949 0
1441730009 0
1441730069 0
1441730129 0
1441730189 0
1441730250 0
1441730310 0
1441730370 0
1441730430 0
1441730490 0
1441730550 0
1441730610 0
1441730670 0
1441730730 0
1441730790 0
1441730850 0
1441730910 0
1441730970 0
1441731030 0
1441731090 0
1441731150 0
1441731210 0
1441731270 0
1441731330 0
1441731390 0
1441731450 0
1441731511 0
1441731571 0
1441731631 0
1441731691 0
1441731751 0
1441731811 0
1441731871 0
1441731931 0
1441731991 0
1441732051 0
1441732111 0
1441732171 0
1441732231 0
1441732291 0
1441732351 0
1441732411 0
1441732471 0
1441732531 0
1441732591 0
1441732651 0
1441732711 0
1441732771 0
1441732832 0
1441732892 0
1441732952 0
1441733012 0
1441733072 0
1441733132 0
1441733192 0
1441733252 0
1441733312 0
1441733372 0
1441733432 0
1441733492 0
1441733552 0
1441733612 0
1441733672 0
1441733732 0
1441733792 0
1441733852 0
1441733913 0
1441733973 0
1441734033 0
1441734093 0
1441734153 0
1441734213 0
1441734273 0
1441734333 0
1441734393 0
1441734453 0
1441734513 0
1441734573 0
1441734633 0
1441734693 0
1441734753 0
1441734813 0
1441734873 0
1441734933 0
1441734994 0
1441735054 0
1441735114 0
1441735174 0
1441735234 0
1441735294 0
1441735354 0
1441735414 0
1441735474 0
1441735534 0
1441735594 0
1441735654 0
1441735714 0
1441735774 0
1441735834 0
1441735894 0
1441735954 0
1441736014 0
1441736074 0
1441736135 0
1441736195 0
1441736255 0
1441736315 0
1441736375 0
1441736435 0
1441736495 0
1441736555 0
1441736615 0
1441736675 0
1441736735 0
1441736795 0
1441736855 0
1441736915 0
1441736975 0
1441737035 0
1441737095 0
1441737155 0
1441737215 0
1441737276 0
1441737336 0
1441737396 0
1441737456 0
1441737516 0
1441737576 0
1441737636 0
1441737696 0
1441737756 0
1441737816 0
1441737876 0
1441737936 0
1441737996 0
1441738056 0
1441738116 0
1441738176 0
1441738236 0
1441738296 0
1441738356 0
1441738416 0
1441738477 0
1441738537 0
1441738597 0
1441738657 0
1441738717 0
1441738777 0
1441738837 0
1441738897 0
1441738957 0
1441739017 0
1441739077 0
1441739137 0
1441739197 0
1441739257 0
1441739317 0
1441739377 0
1441739437 0
1441739497 0
1441739557 0
1441739618 0
1441739678 0
1441739738 0
1441739798 0
1441739858 0
1441739918 0
1441739978 0
1441740038 0
1441740098 0
1441740158 0
1441740218 0
1441740278 0
1441740338 0
1441740398 0
1441740458 0
1441740518 0
1441740578 0
1441740638 0
1441740699 0
1441740759 0
1441740819 0
1441740879 0
1441740939 0
1441740999 0
1441741059 0
1441741119 0
1441741179 0
1441741239 0
1441741299 0
1441741359 0
1441741419 0
1441741479 0
1441741539 0
1441741599 0
1441741659 0
1441741719 0
1441741780 0
1441741840 0
1441741900 0
1441741960 0
1441742020 0
1441742080 0
1441742140 0
1441742200 0
1441742260 0
1441742320 0
1441742380 0
1441742440 0
1441742500 0
1441742560 0
1441742620 0
1441742680 0
1441742740 0
1441742800 0
1441742860 0
1441742921 0
1441742981 0
1441743041 0
1441743101 0
1441743161 0
1441743221 0
1441743281 0
1441743341 0
1441743401 0
1441743461 0
1441743521 0
1441743581 0
1441743641 0
1441743701 0
1441743761 0
1441743821 0
1441743881 0
1441743942 0
1441744002 0
1441744062 0
1441744122 0
1441744182 0
1441744242 0
1441744302 0
1441744362 0
1441744422 0
1441744482 0
1441744542 0
1441744602 0
1441744662 0
1441744722 0
1441744782 0
1441744842 0
1441744902 0
1441744962 0
1441745022 0
1441745082 0
1441745143 0
1441745203 0
1441745263 0
1441745323 0
1441745383 0
1441745443 0
1441745503 0
1441745563 0
1441745623 0
1441745683 0
1441745743 0
1441745803 0
1441745863 0
1441745923 0
1441745983 0
1441746043 0
1441746103 0
1441746163 0
1441746224 0
1441746284 0
1441746344 0
1441746404 0
1441746464 0
1441746524 0
1441746584 0
1441746644 0
1441746704 0
1441746764 0
1441746824 0
1441746884 0
1441746944 0
1441747004 0
1441747064 0
1441747124 0
1441747184 0
1441747244 0
1441747304 0
1441747364 0
1441747425 0
1441747485 0
1441747545 0
1441747605 0
1441747665 0
1441747725 0
1441747785 0
1441747845 0
1441747905 0
1441747965 0
1441748025 0
1441748085 0
1441748145 0
1441748205 0
1441748265 0
1441748325 0
1441748385 0
1441748445 0
1441748505 0
1441748566 0
1441748626 0
1441748686 0
1441748746 0
1441748806 0
1441748866 0
1441748926 0
1441748986 0
1441749046 0
1441749106 0
1441749166 0
1441749226 0
1441749286 3
1441749346 5
1441749406 6
1441749466 5
1441749526 6
1441749586 4
1441749646 5
1441749707 6
1441749767 6
1441749827 6
1441749887 7
1441749947 6
1441750007 6
1441750067 6
1441750127 7
1441750187 6
1441750247 5
1441750307 0
1441750367 0
1441750427 0
1441750487 0
1441750547 0
1441750607 0
1441750667 0
1441750727 0
1441750787 0
1441750848 0
1441750908 0
1441750968 0
1441751028 0
1441751088 0
1441751148 0
1441751208 0
1441751268 0
1441751328 0
1441751388 0
1441751448 0
1441751508 0
1441751568 0
1441751628 0
1441751688 4
1441751748 7
1441751808 6
1441751868 4
1441751929 0
1441751989 0
1441752049 0
1441752109 0
1441752169 0
1441752229 0
1441752289 0
1441752349 0
1441752409 0
1441752469 0
1441752529 0
1441752589 0
1441752649 0
1441752709 0
1441752769 0
1441752829 0
1441752889 0
1441752949 0
1441753009 0
1441753069 0
1441753130 0
1441753190 0
1441753250 0
1441753310 0
1441753370 0
1441753430 0
1441753490 0
1441753550 0
1441753610 0
1441753670 0
1441753730 0
1441753790 0
1441753850 0
1441753910 0
1441753970 0
1441754030 0
1441754090 0
1441754150 0
1441754211 0
1441754271 0
1441754331 0
1441754391 0
1441754451 0
1441754511 0
1441754571 0
1441754631 0
1441754691 0
1441754751 0
1441754811 0
1441754871 0
1441754931 0
1441754991 0
1441755051 0
1441755111 0
1441755171 0
1441755231 0
1441755292 0
1441755352 0
1441755412 0
1441755472 0
1441755532 0
1441755592 0
1441755652 0
1441755712 0
1441755772 0
1441755832 0
1441755892 0
1441755952 0
1441756012 0
1441756072 0
1441756132 0
1441756192 0
1441756252 0
1441756312 0
1441756372 0
1441756432 0
1441756493 0
1441756553 0
1441756613 0
1441756673 0
1441756733 0
1441756793 0
1441756853 0
1441756913 0
1441756973 0
1441757033 0
1441757093 0
1441757153 0
1441757213 0
1441757273 0
1441757333 0
1441757393 0
1441757453 0
1441757513 0
1441757574 0
1441757634 0
1441757694 0
1441757754 0
1441757814 0
1441757874 0
1441757934 0
1441757994 0
1441758054 0
1441758114 0
1441758174 0
1441758234 0
1441758294 0
1441758354 0
1441758414 0
1441758474 0
1441758534 0
1441758594 0
1441758654 0
1441758714 0
1441758775 0
1441758835 0
1441758895 0
1441758955 0
1441759015 0
1441759075 0
1441759135 0
1441759195 0
1441759255 0
1441759315 0
1441759375 0
1441759435 0
1441759495 0
1441759555 0
1441759615 0
1441759675 0
1441759735 0
1441759795 0
1441759855 0
1441759915 0
1441759976 0
1441760036 0
1441760096 0
1441760156 0
1441760216 0
1441760276 0
1441760336 0
1441760396 0
1441760456 0
1441760516 0
1441760576 0
1441760636 0
1441760696 0
1441760756 0
1441760816 0
1441760876 0
1441760936 0
1441760996 0
1441761056 0
1441761117 0
1441761177 0
1441761237 0
1441761297 0
1441761357 0
1441761417 0
1441761477 0
1441761537 0
1441761597 0
1441761657 0
1441761717 0
1441761777 0
1441761837 0
1441761897 0
1441761957 0
1441762017 0
1441762077 0
1441762137 0
1441762197 0
1441762257 0
1441762318 0
1441762378 0
1441762438 0
1441762498 0
1441762558 0
1441762618 0
1441762678 0
1441762738 0
1441762798 0
1441762858 0
1441762918 0
1441762978 0
1441763038 0
1441763098 0
1441763158 0
1441763218 0
1441763278 0
1441763338 0
1441763398 0
1441763458 0
1441763518 0
1441763578 0
1441763638 0
1441763698 0
1441763758 0
1441763818 0
1441763878 0
1441763938 0
1441763998 0
1441764058 0
1441764119 0
1441764179 0
1441764239 0
1441764299 0
1441764359 0
1441764419 0
1441764479 0
1441764539 0
1441764599 0
1441764659 0
1441764719 0
1441764779 0
1441764839 0
1441764899 0
1441764959 0
1441765019 0
1441765079 0
1441765139 0
1441765199 0
1441765260 0
1441765320 0
1441765380 0
1441765440 0
1441765500 0
1441765560 0
1441765620 0
1441765680 0
1441765740 0
1441765800 0
1441765860 0
1441765920 0
1441765980 0
1441766040 0
1441766100 0
1441766160 0
1441766220 0
1441766280 0
1441766340 0
1441766400 0
1441766460 0
1441766520 0
1441766580 0
1441766640 0
1441766700 0
1441766760 0
1441766820 0
1441766881 0
1441766941 0
1441767001 0
1441767061 0
1441767121 0
1441767181 0
1441767241 0
1441767301 0
1441767361 0
1441767421 0
1441767481 0
1441767541 0
1441767601 0
1441767661 0
1441767721 0
1441767781 0
1441767841 0
1441767901 0
1441767962 0
1441768022 0
1441768082 0
1441768142 0
1441768202 0
1441768262 0
1441768322 0
1441768382 0
1441768442 0
1441768502 0
1441768562 0
1441768622 0
1441768682 0
1441768742 0
1441768802 0
1441768862 0
1441768922 0
1441768982 0
1441769042 0
1441769103 0
1441769163 0
1441769223 0
1441769283 0
1441769343 0
1441769403 0
1441769463 0
1441769523 0
1441769583 0
1441769643 0
1441769703 0
1441769763 0
1441769823 0
1441769883 0
1441769943 0
1441770003 0
1441770063 0
1441770123 0
1441770183 0
1441770244 0
1441770304 0
1441770364 0
1441770424 0
1441770484 0
1441770544 0
1441770604 0
1441770664 0
1441770724 0
1441770784 0
1441770844 0
1441770904 0
1441770964 0
1441771024 0
1441771084 0
1441771144 0
1441771204 0
1441771264 0
1441771325 0
1441771385 0
1441771445 0
1441771505 0
1441771565 0
1441771625 0
1441771685 0
1441771745 0
1441771805 0
1441771865 0
1441771925 0
1441771985 0
1441772045 0
1441772105 0
1441772165 0
1441772225 0
1441772285 0
1441772345 0
1441772405 0
1441772465 0
1441772526 0
1441772586 0
1441772646 0
1441772706 0
1441772766 0
1441772826 0
1441772886 0
1441772946 0
1441773006 0
1441773066 0
1441773126 0
1441773186 0
1441773246 0
1441773306 0
1441773366 0
1441773426 0
1441773486 0
1441773546 0
1441773607 0
1441773667 0
1441773727 0
1441773787 0
1441773847 0
1441773907 0
1441773967 0
1441774027 0
1441774087 0
1441774147 0
1441774207 0
1441774267 0
1441774327 0
1441774387 0
1441774447 0
1441774507 0
1441774567 0
1441774627 0
1441774687 0
1441774748 0
1441774808 0
1441774868 0
1441774928 0
1441774988 0
1441775048 0
1441775108 0
1441775168 0
1441775228 0
1441775288 0
1441775348 0
1441775408 0
1441775468 0
1441775528 0
1441775588 0
1441775648 0
1441775708 0
1441775768 0
1441775829 0
1441775889 0
1441775949 0
1441776009 0
1441776069 0
1441776129 0
1441776189 0
1441776249 0
1441776309 0
1441776369 0
1441776429 0
1441776489 0
1441776549 0
1441776609 0
1441782574 0
1441782639 0
1441782699 0
1441782759 0
1441782819 0
1441782879 0
1441782939 0
1441782999 0
1441783059 0
1441783119 0
1441783179 0
1441783239 0
1441783299 0
1441783359 0
1441783419 0
1441783480 0
1441783540 0
1441783600 0
1441783660 0
1441783720 0
1441783780 0
1441783840 0
1441783900 0
1441783960 0
1441784020 0
1441784080 0
1441784140 0
1441784200 0
1441784260 0
1441784320 0
1441784380 0
1441784440 0
1441784500 0
1441784560 0
1441784620 0
1441784680 0
1441784741 0
1441784801 0
1441784861 0
1441784921 0
1441784981 0
1441785041 0
1441785101 0
1441785161 0
1441785221 0
1441785281 0
1441785341 0
1441785401 0
1441785461 0
1441785521 0
1441785581 0
1441785641 0
1441785701 0
1441785761 0
1441785821 0
1441785881 0
1441785941 0
1441786001 0
1441786062 0
1441786122 0
1441786182 0
1441786242 0
1441786302 0
1441786362 0
1441786422 0
1441786482 0
1441786542 0
1441786602 0
1441786662 0
1441786722 0
1441786782 0
1441786842 0
1441786902 0
1441786962 0
1441787022 0
1441787082 0
1441787142 0
1441787203 0
1441787263 0
1441787323 0
1441787383 0
1441787443 0
1441787503 0
1441787563 0
1441787623 0
1441787683 0
1441787743 0
1441787803 0
1441787863 0
1441787923 0
1441787983 0
1441788043 0
1441788103 0
1441788163 0
1441788223 0
1441788283 0
1441788343 0
1441788404 0
1441788464 0
1441788524 0
1441788584 0
1441788644 0
1441788704 0
1441788764 0
1441788824 0
1441788884 0
1441788944 0
1441789004 0
1441789064 0
1441789124 0
1441789184 0
1441789244 0
1441789304 0
1441789364 0
1441789424 0
1441789484 0
1441789544 0
1441789604 0
1441789665 0
1441789725 0
1441789785 0
1441789845 0
1441789905 0
1441789965 0
1441790025 0
1441790085 0
1441790145 0
1441790205 0
1441790265 0
1441790325 0
1441790385 0
1441790445 0
1441790505 0
1441790565 0
1441790625 0
1441790685 0
1441790745 0
1441790805 0
1441790865 0
1441790925 0
1441790986 0
1441791046 0
1441791106 0
1441791166 0
1441791226 0
1441791286 0
1441791346 0
1441791406 0
1441791466 0
1441791526 0
1441791586 0
1441791646 0
1441791706 0
1441791766 0
1441791826 0
1441791886 0
1441791946 0
1441792006 0
1441792066 0
1441792126 0
1441792186 0
1441792246 0
1441792306 0
1441792366 0
1441792426 0
1441792486 0
1441792546 0
1441792606 0
1441792666 0
1441792726 0
1441792786 0
1441792846 0
1441792906 0
1441792967 0
1441793027 0
1441793087 0
1441793147 0
1441793207 0
1441793267 0
1441793327 0
1441793387 0
1441793447 0
1441793507 0
1441793567 0
1441793628 0
1441793688 0
1441793748 0
1441793808 0
1441793868 0
1441793928 0
1441793988 0
1441794048 0
1441794108 0
1441794168 0
1441794228 0
1441794288 0
1441794348 0
1441794408 0
1441794468 0
1441794528 0
1441794588 0
1441794648 0
1441794709 0
1441794769 0
1441794829 0
1441794889 0
1441794949 0
1441795009 0
1441795069 0
1441795129 0
1441795189 0
1441795249 0
1441795309 0
1441795369 0
1441795429 0
1441795489 0
1441795549 0
1441795609 0
1441795669 0
1441795729 0
1441795789 0
1441795850 0
1441795910 0
1441795970 0
1441796030 0
1441796090 0
1441796150 0
1441796210 0
1441796270 0
1441796330 0
1441796390 0
1441796450 0
1441796510 0
1441796570 0
1441796630 0
1441796690 0
1441796750 0
1441796810 0
1441796870 0
1441796930 0
1441796990 0
1441797050 0
1441797111 0
1441797171 0
1441797231 0
1441797291 0
1441797351 0
1441797411 0
1441797471 0
1441797531 0
1441797591 0
1441797651 0
1441797711 0
1441797771 0
1441797831 0
1441797891 0
1441797951 0
1441798011 0
1441798071 0
1441798131 0
1441798191 0
1441798251 0
1441798311 0
1441798372 0
1441798432 0
1441798492 0
1441798552 0
1441798612 0
1441798672 0
1441798732 0
1441798792 0
1441798852 0
1441798912 0
1441798972 0
1441799032 0
1441799092 0
1441799152 0
1441799212 0
1441799272 0
1441799332 0
1441799392 0
1441799452 0
1441799512 0
1441799573 0
1441799633 0
1441799693 0
1441799753 0
1441799813 0
1441799873 0
1441799933 0
1441799993 0
1441800053 0
1441800113 0
1441800173 0
1441800233 0
1441800293 0
1441800353 0
1441800413 0
1441800473 0
1441800533 0
1441800593 0
1441800653 0
1441800713 0
1441800774 0
1441800834 0
1441800894 0
1441800954 0
1441801014 0
1441801074 0
1441801134 0
1441801194 0
1441801254 0
1441801314 0
1441801374 0
1441801434 0
1441801494 0
1441801554 0
1441801614 0
1441801674 0
1441801734 0
1441801794 0
1441801854 0
1441801914 0
1441801974 0
1441802035 0
1441802095 0
1441802155 0
1441802215 0
1441802275 0
1441802335 0
1441802395 0
1441802455 0
1441802515 0
1441802575 0
1441802635 0
1441802695 0
1441802755 0
1441802815 0
1441802875 0
1441802935 0
1441802995 0
1441803055 0
1441803116 0
1441803176 0
1441803236 0
1441803296 0
1441803356 0
1441803416 0
1441803476 0
1441803536 0
1441803596 0
1441803656 0
1441803716 0
1441803776 0
1441803836 0
1441803896 0
1441803956 0
1441804016 0
1441804076 0
1441804136 0
1441804196 0
1441804257 0
1441804317 0
1441804377 0
1441804437 0
1441804497 0
1441804557 0
1441804617 0
1441804677 0
1441804737 0
1441804797 0
1441804857 0
1441804917 0
1441804977 0
1441805037 0
1441805097 0
1441805157 0
1441805217 0
1441805277 0
1441805337 0
1441805398 0
1441805458 0
1441805518 0
1441805578 0
1441805638 0
1441805698 0
1441805758 0
1441805818 0
1441805878 0
1441805938 0
1441805998 0
1441806058 0
1441806118 0
1441806178 0
1441806238 0
1441806298 0
1441806358 0
1441806418 0
1441806478 0
1441806538 0
1441806599 0
1441806659 0
1441806719 0
1441806779 0
1441806839 0
1441806899 0
1441806959 0
1441807019 0
1441807079 0
1441807139 0
1441807199 0
1441807259 0
1441807319 0
1441807379 0
1441807439 0
1441807499 0
1441807559 0
1441807619 0
1441807679 0
1441807739 0
1441807800 0
1441807860 0
1441807920 0
1441807980 0
1441808040 0
1441808100 0
1441808160 0
1441808220 0
1441808280 0
1441808340 0
1441808400 0
1441808460 0
1441808520 0
1441808580 0
1441808640 0
1441808700 0
1441808760 0
1441808820 0
1441808880 0
1441808940 0
1441809000 0
1441809060 0
1441809120 0
1441809181 0
1441809241 0
1441809301 0
1441809361 0
1441809421 0
1441809481 0
1441809541 0
1441809601 0
1441809661 0
1441809721 0
1441809781 0
1441809841 0
1441809901 0
1441809961 0
1441810021 0
1441810081 0
1441810141 0
1441810201 0
1441810261 0
1441810322 0
1441810382 0
1441810442 0
1441810502 0
1441810562 0
1441810622 0
1441810682 0
1441810742 0
1441810802 0
1441810862 0
1441810922 0
1441810982 0
1441811042 0
1441811102 0
1441811162 0
1441811222 0
1441811282 0
1441811342 0
1441811402 0
1441811463 0
1441811523 0
1441811583 0
1441811643 0
1441811703 0
1441811763 0
1441811823 0
1441811883 0
1441811943 0
1441812003 0
1441812063 0
1441812123 0
1441812183 0
1441812243 0
1441812303 0
1441812363 0
1441812423 0
1441812483 0
1441812543 0
1441812603 0
1441812664 0
1441812724 0
1441812784 0
1441812844 0
1441812904 0
1441812964 0
1441813024 0
1441813084 0
1441813144 0
1441813204 0
1441813264 0
1441813324 0
1441813384 0
1441813444 0
1441813504 0
1441813564 0
1441813624 0
1441813684 0
1441813744 0
1441813804 0
1441813865 0
1441813925 0
1441813984 0
1441814044 0
1441814104 0
1441814164 0
1441814224 0
1441814284 0
1441814344 0
1441814404 0
1441814464 0
1441814524 0
1441814585 0
1441814645 0
1441814705 0
1441814765 0
1441814825 0
1441814885 0
1441814945 0
1441815005 0
1441815065 0
1441815125 0
1441815185 0
1441815245 0
1441815305 0
1441815365 0
1441815425 0
1441815485 0
1441815545 0
1441815606 0
1441815666 0
1441815726 0
1441815786 0
1441815846 0
1441815906 0
1441815966 0
1441816026 0
1441816086 0
1441816146 0
1441816206 0
1441816266 0
1441816327 0
1441816387 0
1441816447 0
1441816507 0
1441816567 0
1441816627 0
1441816687 0
1441816747 0
1441816807 0
1441816867 0
1441816927 0
1441816987 0
1441817047 0
1441817107 0
1441817167 0
1441817227 0
1441817287 0
1441817347 0
1441817408 0
1441817468 0
1441817528 0
1441817588 0
1441817648 0
1441817708 0
1441817768 0
1441817828 0
1441817888 0
1441817948 0
1441818008 0
1441818068 0
1441818128 0
1441818188 0
1441818248 0
1441818308 0
1441818368 0
1441818428 0
1441818489 0
1441818549 0
1441818609 0
1441818669 0
1441818729 0
1441818789 0
1441818849 0
1441818909 0
1441818969 0
1441819029 0
1441819089 0
1441819149 0
1441819209 0
1441819269 0
1441819329 0
1441819389 0
1441819449 0
1441819509 0
1441819569 0
1441819629 0
1441819689 0
1441819749 0
1441819810 0
1441819870 0
1441819930 0
1441819990 0
1441820050 0
1441820110 0
1441820170 0
1441820230 0
1441820290 0
1441820350 0
1441820410 0
1441820470 0
1441820530 0
1441820590 0
1441820650 0
1441820710 0
1441820770 0
1441820830 0
1441820890 0
1441820950 0
1441821011 0
1441821071 0
1441821131 0
1441821191 0
1441821251 0
1441821311 0
1441821371 0
1441821431 0
1441821491 0
1441821551 0
1441821611 0
1441821671 0
1441821731 0
1441821791 0
1441821851 0
1441821911 0
1441821971 0
1441822031 0
1441822092 0
1441822152 0
1441822212 0
1441822272 0
1441822332 0
1441822392 0
1441822452 0
1441822512 0
1441822572 0
1441822632 0
1441822692 0
1441822752 0
1441822812 0
1441822872 0
1441822932 0
1441822992 0
1441823052 0
1441823112 0
1441823172 0
1441823233 0
1441823293 0
1441823353 0
1441823413 0
1441823473 0
1441823533 0
1441823593 0
1441823653 0
1441823713 0
1441823773 0
1441823833 0
1441823893 0
1441823953 0
1441824013 0
1441824073 0
1441824133 0
1441824193 0
1441824253 0
1441824313 0
1441824373 0
1441824434 0
1441824494 0
1441824554 0
1441824614 0
1441824674 0
1441824734 0
1441824794 0
1441824854 0
1441824914 0
1441824974 0
1441825034 0
1441825094 0
1441825154 0
1441825214 0
1441825274 0
1441825334 0
1441825394 0
1441825454 0
1441825514 0
1441825574 0
1441825634 0
1441825694 0
1441825754 0
1441825814 0
1441825874 0
1441825935 0
1441825995 0
1441826055 0
1441826115 0
1441826175 0
1441826235 0
1441826295 0
1441826355 0
1441826415 0
1441826475 0
1441826535 0
1441826595 0
1441826655 0
1441826715 0
1441826775 0
1441826835 0
1441826895 0
1441826955 0
1441827015 0
1441827075 0
1441827135 0
1441827196 0
1441827256 0
1441827316 0
1441827376 0
1441827436 0
1441827496 0
1441827556 0
1441827616 0
1441827676 0
1441827736 0
1441827796 0
1441827856 0
1441827916 0
1441827976 0
1441828036 0
1441828096 0
1441828156 0
1441828216 0
1441828276 0
1441828336 0
1441828397 0
1441828457 0
1441828517 0
1441828577 0
1441828637 0
1441828697 0
1441828757 0
1441828817 0
1441828877 0
1441828937 0
1441828997 0
1441829057 0
1441829117 0
1441829177 0
1441829237 0
1441829297 0
1441829357 0
1441829417 0
1441829477 0
1441829537 0
1441829597 0
1441829657 0
1441829718 0
1441829778 0
1441829838 0
1441829898 0
1441829958 0
1441830018 0
1441830078 0
1441830138 0
1441830198 0
1441830258 0
1441830318 0
1441830378 0
1441830438 0
1441830498 0
1441830558 0
1441830618 0
1441830678 0
1441830738 0
1441830798 0
1441830858 0
1441830919 0
1441830979 0
1441831039 0
1441831099 0
1441831159 0
1441831219 0
1441831279 0
1441831339 0
1441831399 0
1441831459 0
1441831519 0
1441831579 0
1441831639 0
1441831699 0
1441831759 0
1441831819 0
1441831879 0
1441831939 0
1441831999 0
1441832059 0
1441832120 0
1441832180 0
1441832240 0
1441832300 0
1441832360 0
1441832420 0
1441832480 0
1441832540 0
1441832600 0
1441832660 0
1441832720 0
1441832780 0
1441832840 0
1441832900 0
1441832960 0
1441833020 0
1441833080 0
1441833140 0
1441833200 0
1441833260 0
1441833320 0
1441833381 0
1441833441 0
1441833501 0
1441833561 0
1441833621 0
1441833681 0
1441833741 0
1441833801 0
1441833861 0
1441833921 0
1441833981 0
1441834041 0
1441834101 0
1441834161 0
1441834221 0
1441834281 0
1441834341 0
1441834401 0
1441834461 0
1441834522 0
1441834582 0
1441834642 0
1441834702 0
1441834762 0
1441834822 0
1441834882 0
1441834942 0
1441835002 0
1441835062 0
1441835122 0
1441835182 0
1441835242 0
1441835302 0
1441835362 0
1441835422 0
1441835482 0
1441835542 0
1441835602 0
1441835662 0
1441835722 0
1441835782 0
1441835843 0
1441835903 0
1441835963 0
1441836023 0
1441836083 0
1441836143 0
1441836203 0
1441836263 0
1441836323 0
1441836383 0
1441836443 0
1441836503 0
1441836563 0
1441836623 0
1441836683 0
1441836743 0
1441836803 0
1441836863 0
1441836924 0
1441836984 0
1441837044 0
1441837104 0
1441837164 0
1441837224 0
1441837284 0
1441837344 0
1441837404 0
1441837464 0
1441837524 0
1441837584 0
1441837644 0
1441837704 0
1441837764 0
1441837824 0
1441837884 0
1441837944 0
1441838004 0
1441838064 0
1441838125 0
1441838185 0
1441838245 0
1441838305 0
1441838365 0
1441838425 0
1441838485 0
1441838545 0
1441838605 0
1441838665 0
1441838725 0
1441838785 0
1441838845 0
1441838905 0
1441838965 0
1441839025 0
1441839085 0
1441839145 0
1441839206 0
1441839266 0
1441839326 0
1441839386 0
1441839446 0
1441839506 0
1441839566 0
1441839626 0
1441839686 0
1441839746 0
1441839806 0
1441839866 0
1441839926 0
1441839986 0
1441840046 0
1441840106 0
1441840166 0
1441840227 0
1441840287 0
1441840347 0
1441840407 0
1441840467 0
1441840527 0
1441840587 0
1441840647 0
1441840707 0
1441840767 0
1441840827 0
1441840887 0
1441840947 0
1441841007 0
1441841067 0
1441841127 0
1441841187 0
1441841248 0
1441841308 0
1441841368 0
1441841428 0
1441841488 0
1441841548 0
1441841608 0
1441841668 0
1441841728 0
1441841788 0
1441841848 0
1441841908 0
1441841968 0
1441842028 0
1441842088 0
1441842148 0
1441842208 0
1441842268 0
1441842329 0
1441842389 0
1441842449 0
1441842509 0
1441842569 0
1441842629 0
1441842689 0
1441842749 0
1441842809 0
1441842869 0
1441842929 0
1441842989 0
1441843049 0
1441843109 0
1441843169 0
1441843229 0
1441843289 0
1441843350 0
1441843410 0
1441843470 0
1441843530 0
1441843590 0
1441843650 0
1441843710 0
1441843770 0
1441843830 0
1441843890 0
1441843950 0
1441844010 0
1441844070 0
1441844130 0
1441844190 0
1441844250 0
1441844310 0
1441844370 0
1441844431 0
1441844491 0
1441844551 0
1441844611 0
1441844671 0
1441844731 0
1441844791 0
1441844851 0
1441844911 0
1441844971 0
1441845031 0
1441845091 0
1441845151 0
1441845211 0
1441845271 0
1441845331 0
1441845391 0
1441845451 0
1441845511 0
1441845571 0
1441845631 0
1441845692 0
1441845752 0
1441845812 0
1441845872 0
1441845932 0
1441845992 0
1441846052 0
1441846112 0
1441846172 0
1441846232 0
1441846292 0
1441846352 0
1441846412 0
1441846472 0
1441846532 0
1441846592 0
1441846652 0
1441846712 0
1441846772 0
1441846832 0
1441846892 0
1441846952 0
1441847013 0
1441847073 0
1441847133 0
1441847193 0
1441847253 0
1441847313 0
1441847373 0
1441847433 0
1441847493 0
1441847553 0
1441847613 0
1441847673 0
1441847733 0
1441847793 0
1441847853 0
1441847913 0
1441847973 0
1441848033 0
1441848093 0
1441848153 0
1441848214 0
1441848274 0
1441848334 0
1441848394 0
1441848454 0
1441848514 0
1441848574 0
1441848634 0
1441848694 0
1441848754 0
1441848814 0
1441848874 0
1441848934 0
1441848994 0
1441849054 0
1441849114 0
1441849174 0
1441849234 0
1441849294 0
1441849354 0
1441849414 0
1441849474 0
1441849535 0
1441849595 0
1441849655 0
1441849715 0
1441849775 0
1441849835 0
1441849895 0
1441849955 0
1441850015 0
1441850075 0
1441850135 0
1441850195 0
1441850255 0
1441850315 0
1441850375 0
1441850435 0
1441850495 0
1441850555 0
1441850615 0
1441850675 0
1441850735 0
1441850795 0
1441850855 0
1441850916 0
1441850976 0
1441851036 0
1441851096 0
1441851156 0
1441851216 0
1441851276 0
1441851336 0
1441851396 0
1441851456 0
1441851516 0
1441851576 0
1441851636 0
1441851696 0
1441851756 0
1441851816 0
1441851876 0
1441851936 0
1441851996 0
1441852057 0
1441852117 0
1441852177 0
1441852237 0
1441852297 0
1441852357 0
1441852417 0
1441852477 0
1441852537 0
1441852597 0
1441852657 0
1441852717 0
1441852777 0
1441852837 0
1441852897 0
1441852957 0
1441853017 0
1441853077 0
1441853137 0
1441853198 0
1441853258 0
1441853318 0
1441853378 0
1441853438 0
1441853498 0
1441853558 0
1441853618 0
1441853678 0
1441853738 0
1441853798 0
1441853858 0
1441853918 0
1441853978 0
1441854038 0
1441854098 0
1441854158 0
1441854218 0
1441854278 0
1441854339 0
1441854399 0
1441854459 0
1441854519 0
1441854579 0
1441854639 0
1441854699 0
1441854759 0
1441854819 0
1441854879 0
1441854939 0
1441854999 0
1441855059 0
1441855119 0
1441855179 0
1441855239 0
1441855299 0
1441855359 0
1441855419 0
1441855479 0
1441855540 0
1441855600 0
1441855660 0
1441855720 0
1441855780 0
1441855840 0
1441855900 0
1441855960 0
1441856020 0
1441856080 0
1441856140 0
1441856200 0
1441856260 0
1441856320 0
1441856380 0
1441856440 0
1441856500 0
1441856560 0
1441856621 0
1441856681 0
1441856741 0
1441856801 0
1441856861 0
1441856921 0
1441856981 0
1441857041 0
1441857101 0
1441857161 0
1441857221 0
1441857281 0
1441857341 0
1441857401 0
1441857461 0
1441857521 0
1441857581 0
1441857641 0
1441857701 0
1441857762 0
1441857822 0
1441857882 0
1441857942 0
1441858002 0
1441858062 0
1441858122 0
1441858182 0
1441858242 0
1441858302 0
1441858362 0
1441858422 0
1441858482 0
1441858542 0
1441858602 0
1441858662 0
1441858722 0
1441858782 0
1441858842 0
1441858902 0
1441858963 0
1441859023 0
1441859083 0
1441859143 0
1441859203 0
1441859263 0
1441859323 0
1441859383 0
1441859443 0
1441859503 0
1441859563 0
1441859623 0
1441859683 0
1441859743 0
1441859803 0
1441859863 0
1441859923 0
1441859983 0
1441860043 0
1441860103 0
1441860163 0
1441860224 0
1441860284 0
1441860344 0
1441860404 0
1441860464 0
1441860524 0
1441860584 0
1441860644 0
1441860704 0
1441860764 0
1441860824 0
1441860884 0
1441860944 0
1441861004 0
1441861064 0
1441861124 0
1441861184 0
1441861244 0
1441861304 0
1441861364 0
1441861424 0
1441861484 0
1441861544 0
1441861605 0
1441861665 0
1441861725 0
1441861785 0
1441861845 0
1441861905 0
1441861965 0
1441862025 0
1441862085 0
1441862145 0
1441862205 0
1441862265 0
1441862325 0
1441862385 0
1441862445 0
1441862505 0
1441862565 0
1441862625 0
1441862685 0
1441862745 0
1441862805 0
1441862865 0
1441862925 0
1441862986 0
1441863046 0
1441863106 0
1441863166 0
1441863226 0
1441863286 0
1441863346 0
1441863406 0
1441863466 0
1441863526 0
1441863586 0
1441863646 0
1441863706 0
1441863766 0
1441863826 0
1441863886 0
1441863946 0
1441864006 0
1441864066 0
1441864127 0
1441864187 0
1441864247 0
1441864307 0
1441864367 0
1441864427 0
1441864487 0
1441864547 0
1441864607 0
1441864667 0
1441864727 0
1441864787 0
1441864847 0
1441864907 0
1441864967 0
1441865027 0
1441865087 0
1441865147 0
1441865208 0
1441865268 0
1441865328 0
1441865388 0
1441865448 0
1441865508 0
1441865568 0
1441865628 0
1441865688 0
1441865748 0
1441865808 0
1441865868 0
1441865928 0
1441865988 0
1441866048 0
1441866108 0
1441866168 0
1441866228 0
1441866289 0
1441866349 0
1441866409 0
1441866469 0
1441866529 0
1441866589 0
1441866649 0
1441866709 0
1441866769 0
1441866829 0
1441866889 0
1441866949 0
1441867009 0
1441867069 0
1441867129 0
1441867189 0
1441867249 0
1441867309 0
1441867370 0
1441867430 0
1441867490 0
1441867550 0
1441867610 0
1441867670 0
1441867730 0
1441867790 0
1441867850 0
1441867910 0
1441867970 0
1441868030 0
1441868090 0
1441868150 0
1441868210 0
1441868270 0
1441868330 0
1441868390 0
1441868451 0
1441868511 0
1441868571 0
1441868631 0
1441868691 0
1441868751 0
1441868811 0
1441868871 0
1441868931 0
1441868991 0
1441869051 0
1441869111 0
1441869171 0
1441869231 0
1441869291 0
1441869351 0
1441869411 0
1441869472 0
1441869532 0
1441869592 0
1441869652 0
1441869712 0
1441869772 0
1441869832 0
1441869892 0
1441869952 0
1441870012 0
1441870072 0
1441870132 0
1441870192 0
1441870252 0
1441870312 0
1441870372 0
1441870432 0
1441870493 0
1441870553 0
1441870613 0
1441870673 0
1441870733 0
1441870793 0
1441870853 0
1441870913 0
1441870973 0
1441871033 0
1441871093 0
1441871153 0
1441871213 0
1441871273 0
1441871333 0
1441871393 0
1441871453 0
1441871513 0
1441871574 0
1441871634 0
1441871694 0
1441871754 0
1441871814 0
1441871874 0
1441871934 0
1441871994 0
1441872054 0
1441872114 0
1441872174 0
1441872234 0
1441872294 0
1441872354 0
1441872414 0
1441872474 0
1441872534 0
1441872594 0
1441872654 0
1441872715 0
1441872775 0
1441872835 0
1441872895 0
1441872955 0
1441873015 0
1441873075 0
1441873135 0
1441873195 0
1441873255 0
1441873315 0
1441873375 0
1441873435 0
1441873495 0
1441873555 0
1441873615 0
1441873675 0
1441873735 0
1441873796 0
1441873856 0
1441873916 0
1441873976 0
1441874036 0
1441874096 0
1441874156 0
1441874216 0
1441874276 0
1441874336 0
1441874396 0
1441874456 0
1441874516 0
1441874576 0
1441874636 0
1441874696 0
1441874756 0
1441874816 0
1441874877 0
1441874937 0
1441874997 0
1441875057 0
1441875117 0
1441875177 0
1441875237 0
1441875297 0
1441875357 0
1441875417 0
1441875477 0
1441875537 0
1441875597 0
1441875657 0
1441875717 0
1441875777 0
1441875837 0
1441875897 0
1441875957 0
1441876018 0
1441876078 0
1441876138 0
1441876198 0
1441876258 0
1441876318 0
1441876378 0
1441876438 0
1441876498 0
1441876558 0
1441876618 0
1441876678 0
1441876738 0
1441876798 0
1441876858 0
1441876918 0
1441876978 0
1441877038 0
1441877098 0
1441877158 0
1441877218 0
1441877278 0
1441877338 0
1441877398 0
1441877458 0
1441877518 0
1441877579 0
1441877639 0
1441877699 0
1441877759 0
1441877819 0
1441877879 0
1441877939 0
1441877999 0
1441878059 0
1441878119 0
1441878179 0
1441878239 0
1441878299 0
1441878359 0
1441878419 0
1441878479 0
1441878539 0
1441878599 0
1441878660 0
1441878720 0
1441878780 0
1441878840 0
1441878900 0
1441878960 0
1441879020 0
1441879080 0
1441879140 0
1441879200 0
1441879260 0
1441879320 0
1441879380 0
1441879440 0
1441879500 0
1441879560 0
1441879620 0
1441879680 0
1441879740 0
1441879801 0
1441879861 0
1441879921 0
1441879981 0
1441880041 0
1441880101 0
1441880161 0
1441880221 0
1441880281 0
1441880341 0
1441880401 0
1441880461 0
1441880521 0
1441880581 0
1441880641 0
1441880701 0
1441880761 0
1441880821 0
1441880881 0
1441880941 0
1441881002 0
1441881062 0
1441881122 0
1441881182 0
1441881242 0
1441881302 0
1441881362 0
1441881422 0
1441881482 0
1441881542 0
1441881602 0
1441881662 0
1441881722 0
1441881782 0
1441881842 0
1441881902 0
1441881962 0
1441882022 0
1441882082 0
1441882143 0
1441882203 0
1441882263 0
1441882323 0
1441882383 0
1441882443 0
1441882503 0
1441882563 0
1441882623 0
1441882683 0
1441882743 0
1441882803 0
1441882863 0
1441882923 0
1441882983 0
1441883043 0
1441883104 0
1441883164 0
1441883224 0
1441883284 0
1441883344 0
1441883404 0
1441883464 0
1441883524 0
1441883584 0
1441883644 0
1441883704 0
1441883764 0
1441883824 0
1441883884 0
1441883944 0
1441884004 0
1441884064 0
1441884124 0
1441884184 0
1441884245 0
1441884305 0
1441884365 0
1441884425 0
1441884485 0
1441884545 0
1441884605 0
1441884665 0
1441884725 0
1441884785 0
1441884845 0
1441884905 0
1441884965 0
1441885025 0
1441885085 0
1441885145 0
1441885205 0
1441885265 0
1441885325 0
1441885386 0
1441885446 0
1441885506 0
1441885566 0
1441885626 0
1441885686 0
1441885746 0
1441885806 0
1441885866 0
1441885926 0
1441885986 0
1441886046 0
1441886106 0
1441886166 0
1441886226 0
1441886286 0
1441886346 0
1441886406 0
1441886467 0
1441886527 0
1441886587 0
1441886647 0
1441886707 0
1441886767 0
1441886827 0
1441886887 0
1441886947 0
1441887007 0
1441887067 0
1441887127 0
1441887187 0
1441887247 0
1441887307 0
1441887367 0
1441887427 0
1441887487 0
1441887547 0
1441887607 0
1441887667 0
1441887727 0
1441887788 0
1441887848 0
1441887908 0
1441887968 0
1441888028 0
1441888088 0
1441888148 0
1441888208 0
1441888268 0
1441888328 0
1441888388 0
1441888448 0
1441888508 0
1441888568 0
1441888628 0
1441888688 0
1441888748 0
1441888808 0
1441888868 0
1441888928 0
1441888988 0
1441889048 0
1441889108 0
1441889168 0
1441889228 0
1441889289 0
1441889349 0
1441889409 0
1441889469 0
1441889529 0
1441889589 0
1441889649 0
1441889709 0
1441889769 0
1441889829 0
1441889889 0
1441889949 0
1441890009 0
1441890069 0
1441890129 0
1441890189 0
1441890249 0
1441890309 0
1441890369 0
1441890429 0
1441890490 0
1441890550 0
1441890610 0
1441890670 0
1441890730 0
1441890790 0
1441890850 0
1441890910 0
1441890970 0
1441891030 0
1441891090 0
1441891150 0
1441891210 0
1441891270 0
1441891330 0
1441891390 0
1441891450 0
1441891510 0
1441891570 0
1441891630 0
1441891691 0
1441891751 0
1441891811 0
1441891871 0
1441891931 0
1441891991 0
1441892051 0
1441892111 0
1441892171 0
1441892231 0
1441892291 0
1441892351 0
1441892411 0
1441892471 0
1441892531 0
1441892591 0
1441892651 0
1441892711 0
1441892771 0
1441892831 0
1441892892 0
1441892952 0
1441893012 0
1441893072 0
1441893132 0
1441893192 0
1441893252 0
1441893312 0
1441893372 0
1441893432 0
1441893492 0
1441893552 0
1441893612 0
1441893672 0
1441893732 0
1441893792 0
1441893852 0
1441893912 0
1441893972 0
1441894032 0
1441894092 0
1441894152 0
1441894212 0
1441894273 0
1441894333 0
1441894393 0
1441894453 0
1441894513 0
1441894573 0
1441894633 0
1441894693 0
1441894753 0
1441894813 0
1441894873 0
1441894933 0
1441894993 0
1441895053 0
1441895113 0
1441895173 0
1441895233 0
1441895293 0
1441895353 0
1441895413 0
1441895474 0
1441895534 0
1441895594 0
1441895654 0
1441895714 0
1441895774 0
1441895834 0
1441895894 0
1441895954 0
1441896014 0
1441896074 0
1441896134 0
1441896194 0
1441896254 0
1441896314 0
1441896374 0
1441896434 0
1441896494 0
1441896555 0
1441896615 0
1441896675 0
1441896735 0
1441896795 0
1441896855 0
1441896915 0
1441896975 0
1441897035 0
1441897095 0
1441897155 0
1441897215 0
1441897275 0
1441897335 0
1441897395 0
1441897455 0
1441897515 0
1441897576 0
1441897636 0
1441897696 0
1441897756 0
1441897816 0
1441897876 0
1441897936 0
1441897996 0
1441898056 0
1441898116 0
1441898176 0
1441898236 0
1441898296 0
1441898356 0
1441898416 0
1441898476 0
1441898536 0
1441898596 0
1441898656 0
1441898717 0
1441898777 0
1441898837 0
1441898897 0
1441898957 0
1441899017 0
1441899077 0
1441899137 0
1441899197 0
1441899257 0
1441899317 0
1441899377 0
1441899437 0
1441899497 0
1441899557 0
1441899617 0
1441899677 0
1441899737 0
1441899797 0
1441899857 0
1441899917 0
1441899977 0
1441900038 0
1441900098 0
1441900158 0
1441900218 0
1441900278 0
1441900338 0
1441900398 0
1441900458 0
1441900518 0
1441900578 0
1441900638 0
1441900698 0
1441900758 0
1441900818 0
1441900878 0
1441900938 0
1441900998 0
1441901058 0
1441901119 0
1441901179 0
1441901239 0
1441901299 0
1441901359 0
1441901419 0
1441901479 0
1441901539 0
1441901599 0
1441901659 0
1441901719 0
1441901779 0
1441901839 0
1441901899 0
1441901959 0
1441902019 0
1441902079 0
1441902140 0
1441902200 0
1441902260 0
1441902320 0
1441902380 0
1441902440 0
1441902500 0
1441902560 0
1441902620 0
1441902680 0
1441902740 0
1441902800 0
1441902860 0
1441902920 0
1441902980 0
1441903040 0
1441903100 0
1441903160 0
1441903220 0
1441903280 0
1441903341 0
1441903401 0
1441903461 0
1441903521 0
1441903581 0
