Water Meter Usage Log (timestamp counts/min), Mon Aug 31 07:52:17 2015
1441032738 0
1441032801 0
1441032861 0
1441032921 0
1441032981 0
1441033041 0
1441033101 0
1441033161 0
1441033221 0
1441033281 0
1441033341 0
1441033402 0
1441033462 0
1441033522 0
1441033582 0
1441033642 0
1441033702 0
1441033762 0
1441033822 0
1441033882 0
1441033942 0
1441034002 0
1441034062 0
1441034122 0
1441034182 0
1441034242 0
1441034302 0
1441034362 0
1441034422 0
1441034482 0
1441034543 0
1441034603 0
1441034663 0
1441034723 0
1441034783 0
1441034843 0
1441034903 0
1441034963 0
1441035023 0
1441035083 0
1441035143 0
1441035203 0
1441035263 0
1441035323 0
1441035383 0
1441035443 0
1441035503 0
1441035563 0
1441035623 0
1441035684 0
1441035744 0
1441035804 0
1441035864 0
1441035924 0
1441035984 0
1441036044 0
1441036104 0
1441036164 0
1441036224 0
1441036284 0
1441036344 0
1441036404 0
1441036464 0
1441036524 0
1441036584 0
1441036644 0
1441036704 0
1441036765 0
1441036825 0
1441036885 0
1441036945 0
1441037005 0
1441037065 0
1441037125 0
1441037185 0
1441037245 0
1441037305 0
1441037365 0
1441037425 0
1441037485 0
1441037545 0
1441037605 0
1441037665 0
1441037725 0
1441037785 0
1441037845 0
1441037905 0
1441037965 0
1441038026 0
1441038086 0
1441038146 0
1441038206 0
1441038266 0
1441038326 0
1441038386 0
1441038446 0
1441038506 0
1441038566 0
1441038626 0
1441038686 0
1441038746 0
1441038806 0
1441038866 0
1441038926 0
1441038986 0
1441039046 0
1441039107 0
1441039167 0
1441039227 0
1441039287 0
1441039347 0
1441039407 0
1441039467 0
1441039527 0
1441039587 0
1441039647 0
1441039707 0
1441039767 0
1441039827 0
1441039887 0
1441039947 0
1441040007 0
1441040067 0
1441040127 0
1441040187 0
1441040248 0
1441040308 0
1441040368 0
1441040428 0
1441040488 0
1441040548 0
1441040608 0
1441040668 0
1441040728 0
1441040788 0
1441040848 0
1441040908 0
1441040968 0
1441041028 0
1441041088 0
1441041148 0
1441041208 0
1441041268 0
1441041328 0
1441041388 0
1441041449 0
1441041509 0
1441041569 0
1441041629 0
1441041689 0
1441041749 0
1441041809 0
1441041869 0
1441041929 0
1441041989 0
1441042049 0
1441042109 0
1441042169 0
1441042229 0
1441042289 0
1441042349 0
1441042409 0
1441042469 0
1441042529 0
1441042589 0
1441042650 0
1441042710 0
1441042770 0
1441042830 0
1441042890 0
1441042950 0
1441043010 0
1441043070 0
1441043130 0
1441043190 0
1441043250 0
1441043310 0
1441043370 0
1441043430 0
1441043490 0
1441043550 0
1441043610 0
1441043670 0
1441043730 0
1441043791 0
1441043851 0
1441043911 0
1441043971 0
1441044031 0
1441044091 0
1441044151 0
1441044211 0
1441044271 0
1441044331 0
1441044391 0
1441044451 0
1441044511 0
1441044571 0
1441044631 0
1441044691 0
1441044751 0
1441044812 0
1441044872 0
1441044932 0
1441044992 0
1441045052 0
1441045112 0
1441045172 0
1441045232 0
1441045292 0
1441045352 0
1441045412 0
1441045472 0
1441045532 0
1441045592 0
1441045652 0
1441045712 0
1441045772 0
1441045832 0
1441045892 0
1441045952 0
1441046013 0
1441046073 0
1441046133 0
1441046193 0
1441046253 0
1441046313 0
1441046373 0
1441046433 0
1441046493 0
1441046553 0
1441046613 0
1441046673 0
1441046733 0
1441046793 0
1441046853 0
1441046913 0
1441046973 0
1441047033 0
1441047093 0
1441047154 0
1441047214 0
1441047274 0
1441047334 0
1441047394 0
1441047454 0
1441047514 0
1441047574 0
1441047634 0
1441047694 0
1441047754 0
1441047814 0
1441047874 0
1441047934 0
1441047994 0
1441048054 0
1441048114 0
1441048174 0
1441048234 0
1441048294 0
1441048354 0
1441048415 0
1441048475 0
1441048535 0
1441048595 0
1441048655 0
1441048715 0
1441048775 0
1441048835 0
1441048895 0
1441048955 0
1441049015 0
1441049075 0
1441049135 0
1441049195 0
1441049255 0
1441049315 0
1441049375 0
1441049435 0
1441049495 0
1441049555 0
1441049615 0
1441049675 0
1441049736 0
1441049796 0
1441049856 0
1441049916 0
1441049976 0
1441050036 0
1441050096 0
1441050156 0
1441050216 0
1441050276 0
1441050336 0
1441050396 0
1441050456 0
1441050516 0
1441050576 0
1441050636 0
1441050696 0
1441050756 0
1441050816 0
1441050876 0
1441050936 0
1441050997 0
1441051057 0
1441051117 0
1441051177 0
1441051237 0
1441051297 0
1441051357 0
1441051417 0
1441051477 0
1441051537 0
1441051597 0
1441051657 0
1441051717 0
1441051777 0
1441051837 0
1441051897 0
1441051957 0
1441052018 0
1441052078 0
1441052138 0
1441052198 0
1441052258 0
1441052318 0
1441052378 0
1441052438 0
1441052498 0
1441052558 0
1441052618 0
1441052678 0
1441052738 0
1441052798 0
1441052858 0
1441052918 0
1441052978 0
1441053038 0
1441053098 0
1441053159 0
1441053219 0
1441053279 0
1441053339 0
1441053399 0
1441053459 0
1441053519 0
1441053579 0
1441053639 0
1441053699 0
1441053759 0
1441053819 0
1441053879 0
1441053939 0
1441053999 0
1441054059 0
1441054119 0
1441054179 0
1441054240 0
1441054300 0
1441054360 0
1441054420 0
1441054480 0
1441054540 0
1441054600 0
1441054660 0
1441054720 0
1441054780 0
1441054840 0
1441054900 0
1441054960 0
1441055020 0
1441055080 0
1441055140 0
1441055200 0
1441055260 0
1441055320 0
1441055380 0
1441055441 0
1441055501 0
1441055561 0
1441055621 0
1441055681 0
1441055741 0
1441055801 0
1441055861 0
1441055921 0
1441055981 0
1441056041 0
1441056101 0
1441056161 0
1441056221 0
1441056281 0
1441056341 0
1441056401 0
1441056461 0
1441056521 0
1441056581 0
1441056642 0
1441056702 0
1441056762 0
1441056822 0
1441056882 0
1441056942 0
1441057002 0
1441057062 0
1441057122 0
1441057182 0
1441057242 0
1441057302 0
1441057362 0
1441057422 0
1441057482 0
1441057542 0
1441057602 0
1441057662 0
1441057722 0
1441057783 0
1441057843 0
1441057903 0
1441057963 0
1441058023 0
1441058083 0
1441058143 0
1441058203 0
1441058263 0
1441058323 0
1441058383 0
1441058443 0
1441058503 0
1441058563 0
1441058623 0
1441058683 0
1441058743 0
1441058803 0
1441058863 0
1441058924 0
1441058984 0
1441059044 0
1441059104 0
1441059164 0
1441059224 0
1441059284 0
1441059344 0
1441059404 0
1441059464 0
1441059524 0
1441059584 0
1441059644 0
1441059704 0
1441059764 0
1441059824 0
1441059884 0
1441059944 0
1441060004 0
1441060064 0
1441060124 0
1441060184 0
1441060244 0
1441060304 0
1441060365 0
1441060425 0
1441060485 0
1441060545 0
1441060605 0
1441060665 0
1441060725 0
1441060785 0
1441060845 0
1441060905 0
1441060965 0
1441061025 0
1441061085 0
1441061145 0
1441061205 0
1441061265 0
1441061325 0
1441061386 0
1441061446 0
1441061506 0
1441061566 0
1441061626 0
1441061686 0
1441061746 0
1441061806 0
1441061866 0
1441061926 0
1441061986 0
1441062046 0
1441062106 0
1441062166 0
1441062226 0
1441062286 0
1441062346 0
1441062406 0
1441062466 0
1441062527 0
1441062587 0
1441062647 0
1441062707 0
1441062767 0
1441062827 0
1441062887 0
1441062947 0
1441063007 0
1441063067 0
1441063127 0
1441063187 0
1441063247 0
1441063307 0
1441063367 0
1441063427 0
1441063487 0
1441063547 0
1441063607 0
1441063667 0
1441063727 0
1441063788 0
1441063848 0
1441063908 0
1441063968 0
1441064028 0
1441064088 0
1441064148 0
1441064208 0
1441064268 0
1441064328 0
1441064388 0
1441064448 0
1441064508 0
1441064568 0
1441064628 0
1441064688 0
1441064748 0
1441064808 0
1441064868 0
1441064928 0
1441064989 0
1441065049 0
1441065109 0
1441065169 0
1441065229 0
1441065289 0
1441065349 0
1441065409 0
1441065469 0
1441065529 0
1441065589 0
1441065649 0
1441065709 0
1441065769 0
1441065829 0
1441065889 0
1441065949 0
1441066009 0
1441066069 0
1441066129 0
1441066189 0
1441066249 0
1441066310 0
1441066370 0
1441066430 0
1441066490 0
1441066550 0
1441066610 0
1441066670 0
1441066730 0
1441066790 0
1441066850 0
1441066910 0
1441066970 0
1441067030 0
1441067090 0
1441067150 0
1441067210 0
1441067270 0
1441067330 0
1441067390 0
1441067451 0
1441067511 0
1441067571 0
1441067631 0
1441067691 0
1441067751 0
1441067811 0
1441067871 0
1441067931 0
1441067991 0
1441068051 0
1441068111 0
1441068171 0
1441068231 0
1441068291 0
1441068351 0
1441068411 0
1441068471 0
1441068531 0
1441068591 0
1441068651 0
1441068711 0
1441068772 0
1441068832 0
1441068892 0
1441068952 0
1441069012 0
1441069072 0
1441069132 0
1441069192 0
1441069252 0
1441069312 0
1441069372 0
1441069432 0
1441069492 0
1441069552 0
1441069612 0
1441069672 0
1441069732 0
1441069792 0
1441069852 0
1441069912 0
1441069973 0
1441070033 0
1441070093 0
1441070153 0
1441070213 0
1441070273 0
1441070333 0
1441070393 0
1441070453 0
1441070513 0
1441070573 0
1441070633 0
1441070693 0
1441070753 0
1441070813 0
1441070873 0
1441070933 0
1441070993 0
1441071053 0
1441071113 0
1441071174 0
1441071234 0
1441071294 0
1441071354 0
1441071414 0
1441071474 0
1441071534 0
1441071594 0
1441071654 0
1441071714 0
1441071774 0
1441071834 0
1441071894 0
1441071954 0
1441072014 0
1441072074 0
1441072134 0
1441072194 0
1441072255 0
1441072315 0
1441072375 0
1441072435 0
1441072495 0
1441072555 0
1441072615 0
1441072675 0
1441072735 0
1441072795 0
1441072855 0
1441072915 0
1441072975 0
1441073035 0
1441073095 0
1441073155 0
1441073215 0
1441073275 0
1441073335 0
1441073395 0
1441073456 0
1441073516 0
1441073576 0
1441073636 0
1441073696 0
1441073756 0
1441073816 0
1441073876 0
1441073936 0
1441073996 0
1441074056 0
1441074116 0
1441074176 0
1441074236 0
1441074296 0
1441074356 0
1441074416 0
1441074476 0
1441074536 0
1441074596 0
1441074657 0
1441074717 0
1441074777 0
1441074837 0
1441074897 0
1441074957 0
1441075017 0
1441075077 0
1441075137 0
1441075197 0
1441075257 0
1441075317 0
1441075377 0
1441075437 0
1441075497 0
1441075557 0
1441075617 0
1441075677 0
1441075738 0
1441075798 0
1441075858 0
1441075918 0
1441075978 0
1441076038 0
1441076098 0
1441076158 0
1441076218 0
1441076278 0
1441076338 0
1441076398 0
1441076458 0
1441076518 0
1441076578 0
1441076638 0
1441076698 0
1441076758 0
1441076818 0
1441076879 0
1441076939 0
1441076999 0
1441077059 0
1441077119 0
1441077179 0
1441077239 0
1441077299 0
1441077359 0
1441077419 0
1441077479 0
1441077539 0
1441077599 0
1441077659 0
1441077719 0
1441077779 0
1441077839 0
1441077899 0
1441077959 0
1441078019 0
1441078080 0
1441078140 0
1441078200 0
1441078260 0
1441078320 0
1441078380 0
1441078440 0
1441078500 0
1441078560 0
1441078620 0
1441078680 0
1441078740 0
1441078800 0
1441078860 0
1441078920 0
1441078980 0
1441079040 0
1441079100 0
1441079161 0
1441079221 0
1441079281 0
1441079341 0
1441079401 0
1441079461 0
1441079521 0
1441079581 0
1441079641 0
1441079701 0
1441079761 0
1441079821 0
1441079881 0
1441079941 0
1441080001 0
1441080061 0
1441080121 0
1441080181 0
1441080241 0
1441080302 0
1441080362 0
1441080422 0
1441080482 0
1441080542 0
1441080602 0
1441080662 0
1441080722 0
1441080782 0
1441080842 0
1441080902 0
1441080962 0
1441081022 0
1441081082 0
1441081142 0
1441081202 0
1441081262 0
1441081322 0
1441081382 0
1441081443 0
1441081503 0
1441081563 0
1441081623 0
1441081683 0
1441081743 0
1441081803 0
1441081863 0
1441081923 0
1441081983 0
1441082043 0
1441082103 0
1441082163 0
1441082223 0
1441082283 0
1441082343 0
1441082403 0
1441082463 0
1441082523 0
1441082583 0
1441082643 0
1441082704 0
1441082764 0
1441082824 0
1441082884 0
1441082944 0
1441083004 0
1441083064 0
1441083124 0
1441083184 0
1441083244 0
1441083304 0
1441083364 0
1441083424 0
1441083484 0
1441083544 0
1441083604 0
1441083664 0
1441083724 0
1441083784 0
1441083844 0
1441083904 0
1441083964 0
1441084024 0
1441084085 0
1441084145 0
1441084205 0
1441084265 0
1441084325 0
1441084385 0
1441084445 0
1441084505 0
1441084565 0
1441084625 0
1441084685 0
1441084745 0
1441084805 0
1441084865 0
1441084925 0
1441084985 0
1441085045 0
1441085106 0
1441085166 0
1441085226 0
1441085286 0
1441085346 0
1441085406 0
1441085466 0
1441085526 0
1441085586 0
1441085646 0
1441085706 0
1441085766 0
1441085826 0
1441085886 0
1441085946 0
1441086006 0
1441086066 0
1441086126 0
1441086186 0
1441086246 0
1441086306 0
1441086367 0
1441086427 0
1441086487 0
1441086547 0
1441086607 0
1441086667 0
1441086727 0
1441086787 0
1441086847 0
1441086907 0
1441086967 0
1441087027 0
1441087087 0
1441087147 0
1441087207 0
1441087267 0
1441087327 0
1441087388 0
1441087448 0
1441087508 0
1441087568 0
1441087628 0
1441087688 0
1441087748 0
1441087808 0
1441087868 0
1441087928 0
1441087988 0
1441088048 0
1441088108 0
1441088168 0
1441088228 0
1441088288 0
1441088348 0
1441088408 0
1441088468 0
1441088528 0
1441088589 0
1441088649 0
1441088709 0
1441088769 0
1441088829 0
1441088889 0
1441088949 0
1441089009 0
1441089069 0
1441089129 0
1441089189 0
1441089249 0
1441089309 0
1441089369 0
1441089429 0
1441089489 0
1441089549 0
1441089609 0
1441089669 0
1441089729 0
1441089790 0
1441089850 0
1441089910 0
1441089970 0
1441090030 0
1441090090 0
1441090150 0
1441090210 0
1441090270 0
1441090330 0
1441090390 0
1441090450 0
1441090510 0
1441090570 0
1441090630 0
1441090690 0
1441090750 0
1441090810 0
1441090871 0
1441090931 0
1441090991 0
1441091051 0
1441091111 0
1441091171 0
1441091231 0
1441091291 0
1441091351 0
1441091411 0
1441091471 0
1441091531 0
1441091591 0
1441091651 0
1441091711 0
1441091771 0
1441091831 0
1441091891 0
1441091951 0
1441092012 0
1441092072 0
1441092132 0
1441092192 0
1441092252 0
1441092312 0
1441092372 0
1441092432 0
1441092492 0
1441092552 0
1441092612 0
1441092672 0
1441092732 0
1441092792 0
1441092852 0
1441092912 0
1441092972 0
1441093032 0
1441093093 0
1441093153 0
1441093213 0
1441093273 0
1441093333 0
1441093393 0
1441093453 0
1441093513 0
1441093573 0
1441093633 0
1441093693 0
1441093753 0
1441093813 0
1441093873 0
1441093933 0
1441093993 0
1441094053 0
1441094114 0
1441094174 0
1441094234 0
1441094294 0
1441094354 0
1441094414 0
1441094474 0
1441094534 0
1441094594 0
1441094654 0
1441094714 0
1441094774 0
1441094834 0
1441094894 0
1441094954 0
1441095014 0
1441095074 0
1441095134 0
1441095194 0
1441095254 0
1441095314 0
1441095374 0
1441095435 0
1441095495 0
1441095555 0
1441095615 0
1441095675 0
1441095735 0
1441095795 0
1441095855 0
1441095915 0
1441095975 0
1441096035 0
1441096095 0
1441096155 0
1441096215 0
1441096275 0
1441096335 0
1441096395 0
1441096455 0
1441096516 0
1441096576 0
1441096636 0
1441096696 0
1441096756 0
1441096816 0
1441096876 0
1441096936 0
1441096996 0
1441097056 0
1441097116 0
1441097176 0
1441097236 0
1441097296 0
1441097356 0
1441097416 0
1441097476 0
1441097536 0
1441097596 0
1441097657 0
1441097717 0
1441097777 0
1441097837 0
1441097897 0
1441097957 0
1441098017 0
1441098077 0
1441098137 0
1441098197 0
1441098257 0
1441098317 0
1441098377 0
1441098437 0
1441098497 0
1441098557 0
1441098617 0
1441098678 0
1441098738 0
1441098798 0
1441098858 0
1441098918 0
1441098978 0
1441099038 0
1441099098 0
1441099158 0
1441099218 0
1441099278 0
1441099338 0
1441099398 0
1441099458 0
1441099518 0
1441099578 0
1441099638 0
1441099699 0
1441099759 0
1441099819 0
1441099879 0
1441099939 0
1441099999 0
1441100059 0
1441100119 0
1441100179 0
1441100239 0
1441100299 0
1441100359 0
1441100419 0
1441100479 0
1441100539 0
1441100599 0
1441100659 0
1441100719 0
1441100779 0
1441100840 0
1441100900 0
1441100960 0
1441101020 0
1441101080 0
1441101140 0
1441101200 0
1441101260 0
1441101320 0
1441101380 0
1441101440 0
1441101500 0
1441101560 0
1441101620 0
1441101680 0
1441101740 0
1441101800 0
1441101860 0
1441101920 0
1441101981 0
1441102041 0
1441102101 0
1441102161 0
1441102221 0
1441102281 0
1441102341 0
1441102401 0
1441102461 0
1441102521 0
1441102581 0
1441102641 0
1441102701 0
1441102761 0
1441102821 0
1441102881 0
1441102941 0
1441103001 0
1441103061 0
1441103122 0
1441103182 0
1441103242 0
1441103302 0
1441103362 0
1441103422 0
1441103482 0
1441103542 0
1441103602 0
1441103662 0
1441103722 0
1441103782 0
1441103842 0
1441103902 0
1441103962 0
1441104022 0
1441104082 0
1441104142 0
1441104202 0
1441104262 0
1441104322 0
1441104383 0
1441104443 0
1441104503 0
1441104563 0
1441104623 0
1441104683 0
1441104743 0
1441104803 0
1441104863 0
1441104923 0
1441104983 0
1441105043 0
1441105103 0
1441105163 0
1441105223 0
1441105283 0
1441105343 0
1441105403 0
1441105464 0
1441105524 0
1441105584 0
1441105644 0
1441105704 0
1441105764 0
1441105824 0
1441105884 0
1441105944 0
1441106004 0
1441106064 0
1441106124 0
1441106184 0
1441106244 0
1441106304 0
1441106364 0
1441106424 0
1441106484 0
1441106544 0
1441106604 0
1441106664 0
1441106724 0
1441106784 0
1441106845 0
1441106905 0
1441106965 0
1441107025 0
1441107085 0
1441107145 0
1441107205 0
1441107265 0
1441107325 0
1441107385 0
1441107445 0
1441107505 0
1441107565 0
1441107625 0
1441107685 0
1441107745 0
1441107805 0
1441107865 0
1441107925 0
1441107985 0
1441108046 0
1441108106 0
1441108166 0
1441108226 0
1441108286 0
1441108346 0
1441108406 0
1441108466 0
1441108526 0
1441108586 0
1441108646 0
1441108706 0
1441108766 0
1441108826 0
1441108886 0
1441108946 0
1441109006 0
1441109066 0
1441109126 0
1441109186 0
1441109246 0
1441109306 0
1441109367 0
1441109427 0
1441109487 0
1441109547 0
1441109607 0
1441109667 0
1441109727 0
1441109787 0
1441109847 0
1441109907 0
1441109967 0
1441110027 0
1441110087 0
1441110147 0
1441110207 0
1441110267 0
1441110327 0
1441110387 0
1441110447 0
1441110507 0
1441110568 0
1441110628 0
1441110688 0
1441110748 0
1441110808 0
1441110868 0
1441110928 0
1441110988 0
1441111048 0
1441111108 0
1441111172 0
1441111237 0
1441111297 0
1441111357 0
1441111417 0
1441111477 0
1441111537 0
1441111597 0
1441111657 0
1441111717 0
1441111777 0
1441111837 0
1441111897 0
1441111957 0
1441112017 0
1441112077 0
1441112137 0
1441112197 0
1441112257 0
1441112318 0
1441112378 0
1441112438 0
1441112498 0
1441112558 0
1441112618 0
1441112678 0
1441112738 0
1441112798 0
1441112858 0
1441112918 0
1441112978 0
1441113038 0
1441113098 0
1441113158 0
1441113218 0
1441113278 0
1441113338 0
1441113398 0
1441113458 0
1441113519 0
1441113579 0
1441113639 0
1441113699 0
1441113759 0
1441113819 0
1441113879 0
1441113939 0
1441113999 0
1441114059 0
1441114119 0
1441114179 0
1441114239 0
1441114299 0
1441114359 0
1441114419 0
1441114479 0
1441114539 0
1441114599 0
1441114659 0
1441114719 0
1441114779 0
1441114840 0
1441114900 0
1441114960 0
1441115020 0
1441115080 0
1441115140 0
1441115200 0
1441115260 0
1441115320 0
1441115380 0
1441115440 0
1441115500 0
1441115560 0
1441115620 0
1441115680 0
1441115740 0
1441115800 0
1441115860 0
1441115921 0
1441115981 0
1441116041 0
1441116101 0
1441116161 0
1441116221 0
1441116281 0
1441116341 0
1441116401 0
1441116461 0
1441116521 0
1441116581 0
1441116641 0
1441116701 0
1441116761 0
1441116821 0
1441116881 0
1441116941 0
1441117002 0
1441117062 0
1441117122 0
1441117182 0
1441117242 0
1441117302 0
1441117362 0
1441117422 0
1441117482 0
1441117542 0
1441117602 0
1441117662 0
1441117722 0
1441117782 0
1441117842 0
1441117902 0
1441117962 0
1441118022 0
1441118082 0
1441118142 0
1441118202 0
1441118263 0
1441118323 0
1441118383 0
1441118443 0
1441118503 0
1441118563 0
1441118623 0
1441118683 0
1441118743 0
1441118803 0
1441118863 0
1441118923 0
1441118983 0
1441119043 0
1441119103 0
1441119163 0
1441119223 0
1441119283 0
1441119344 0
1441119404 0
1441119464 0
1441119524 0
1441119584 0
1441119644 0
1441119704 0
1441119764 0
1441119824 0
1441119884 0
1441119944 0
1441120004 0
1441120064 0
1441120124 0
1441120184 0
1441120244 0
1441120304 0
1441120364 0
1441120424 0
1441120484 0
1441120544 0
1441120604 0
1441120665 0
1441120725 0
1441120785 0
1441120845 0
1441120905 0
1441120965 0
1441121025 0
1441121085 0
1441121145 0
1441121205 0
1441121265 0
1441121325 0
1441121385 0
1441121445 0
1441121505 0
1441121565 0
1441121625 0
1441121685 0
1441121745 0
1441121806 0
1441121866 0
1441121926 0
1441121986 0
1441122046 0
1441122106 0
1441122166 0
1441122226 0
1441122286 0
1441122346 0
1441122406 0
1441122466 0
1441122526 0
1441122586 0
1441122646 0
1441122706 0
1441122766 0
1441122827 0
1441122887 0
1441122947 0
1441123007 0
1441123067 0
1441123127 0
1441123187 0
1441123247 0
1441123307 0
1441123367 0
1441123427 0
1441123487 0
1441123547 0
1441123607 0
1441123667 0
1441123727 0
1441123787 0
1441123847 0
1441123907 0
1441123968 0
1441124028 0
1441124088 0
1441124148 0
1441124208 0
1441124268 0
1441124328 0
1441124388 0
1441124448 0
1441124508 0
1441124568 0
1441124628 0
1441124688 0
1441124748 0
1441124808 0
1441124868 0
1441124928 0
1441124988 0
1441125048 0
1441125108 0
1441125168 0
1441125229 0
1441125289 0
1441125349 0
1441125409 0
1441125469 0
1441125529 0
1441125589 0
1441125649 0
1441125709 0
1441125769 0
1441125829 0
1441125889 0
1441125949 0
1441126009 0
1441126069 0
1441126129 0
1441126189 0
1441126249 0
1441126309 0
1441126370 0
1441126430 0
1441126490 0
1441126550 0
1441126610 0
1441126670 0
1441126730 0
1441126790 0
1441126850 0
1441126910 0
1441126970 0
1441127030 0
1441127090 0
1441127150 0
1441127210 0
1441127270 0
1441127330 0
1441127390 0
1441127451 0
1441127511 0
1441127571 0
1441127631 0
1441127691 0
1441127751 0
1441127811 0
1441127871 0
1441127931 0
1441127991 0
1441128051 0
1441128111 0
1441128171 0
1441128231 0
1441128291 0
1441128351 0
1441128411 0
1441128471 0
1441128531 0
1441128591 0
1441128651 0
1441128711 0
1441128772 0
1441128832 0
1441128892 0
1441128952 0
1441129012 0
1441129072 0
1441129132 0
1441129192 0
1441129252 0
1441129312 0
1441129372 0
1441129432 0
1441129492 0
1441129552 0
1441129612 0
1441129672 0
1441129732 0
1441129792 0
1441129853 0
1441129913 0
1441129973 0
1441130033 0
1441130093 0
1441130153 0
1441130213 0
1441130273 0
1441130333 0
1441130393 0
1441130453 0
1441130513 0
1441130573 0
1441130633 0
1441130693 0
1441130753 0
1441130813 0
1441130873 0
1441130933 0
1441130993 0
1441131053 0
1441131114 0
1441131174 0
1441131234 0
1441131294 0
1441131354 0
1441131414 0
1441131474 0
1441131534 0
1441131594 0
1441131654 0
1441131714 0
1441131774 0
1441131834 0
1441131894 0
1441131954 0
1441132014 0
1441132074 0
1441132134 0
1441132194 0
1441132254 0
1441132315 0
1441132375 0
1441132435 0
1441132495 0
1441132555 0
1441132615 0
1441132675 0
1441132735 0
1441132795 0
1441132855 0
1441132915 0
1441132975 0
1441133035 0
1441133095 0
1441133155 0
1441133215 0
1441133275 0
1441133335 0
1441133395 0
1441133456 0
1441133516 0
1441133576 0
1441133636 0
1441133696 0
1441133756 0
1441133816 0
1441133876 0
1441133936 0
1441133996 0
1441134056 0
1441134116 0
1441134176 0
1441134236 0
1441134296 0
1441134356 0
1441134416 0
1441134476 0
1441134537 0
1441134597 0
1441134657 0
1441134717 0
1441134777 0
1441134837 0
1441134897 0
1441134957 0
1441135017 0
1441135077 0
1441135137 0
1441135197 0
1441135257 0
1441135317 0
1441135377 0
1441135437 0
1441135497 0
1441135557 0
1441135617 0
1441135677 0
1441135738 0
1441135798 0
1441135858 0
1441135918 0
1441135978 0
1441136038 0
1441136098 0
1441136158 0
1441136218 0
1441136278 0
1441136338 0
1441136398 0
1441136458 0
1441136518 0
1441136578 0
1441136638 0
1441136698 0
1441136759 0
1441136819 0
1441136879 0
1441136939 0
1441136999 0
1441137059 0
1441137119 0
1441137179 0
1441137239 0
1441137299 0
1441137359 0
1441137419 0
1441137479 0
1441137539 0
1441137599 0
1441137659 0
1441137719 0
1441137779 0
1441137839 0
1441137900 0
1441137960 0
1441138020 0
1441138080 0
1441138140 0
1441138200 0
1441138260 0
1441138320 0
1441138380 0
1441138440 0
1441138500 0
1441138560 0
1441138620 0
1441138680 0
1441138740 0
1441138800 0
1441138860 0
1441138920 0
1441138981 0
1441139041 0
1441139101 0
1441139161 0
1441139221 0
1441139281 0
1441139341 0
1441139401 0
1441139461 0
1441139521 0
1441139581 0
1441139641 0
1441139701 0
1441139761 0
1441139821 0
1441139881 0
1441139941 0
1441140001 0
1441140061 0
1441140121 0
1441140182 0
1441140242 0
1441140302 0
1441140362 0
1441140422 0
1441140482 0
1441140542 0
1441140602 0
1441140662 0
1441140722 0
1441140782 0
1441140842 0
1441140902 0
1441140962 0
1441141022 0
1441141082 0
1441141142 0
1441141203 0
1441141263 0
1441141323 0
1441141383 0
1441141443 0
1441141503 0
1441141563 0
1441141623 0
1441141683 0
1441141743 0
1441141803 0
1441141863 0
1441141923 0
1441141983 0
1441142043 0
1441142103 0
1441142163 0
1441142223 0
1441142283 0
1441142343 0
1441142404 0
1441142464 0
1441142524 0
1441142584 0
1441142644 0
1441142704 0
1441142764 0
1441142824 0
1441142884 0
1441142944 0
1441143004 0
1441143064 0
1441143124 0
1441143184 0
1441143244 0
1441143304 0
1441143364 0
1441143424 0
1441143484 0
1441143545 0
1441143605 0
1441143665 0
1441143725 0
1441143785 0
1441143845 0
1441143905 0
1441143965 0
1441144025 0
1441144085 0
1441144145 0
1441144205 0
1441144265 0
1441144325 0
1441144385 0
1441144445 0
1441144505 0
1441144565 0
1441144625 0
1441144686 0
1441144746 0
1441144806 0
1441144866 0
1441144926 0
1441144986 0
1441145046 0
1441145106 0
1441145166 0
1441145226 0
1441145286 0
1441145346 0
1441145406 0
1441145466 0
1441145526 0
1441145586 0
1441145646 0
1441145706 0
1441145766 0
1441145826 0
1441145886 0
1441145947 0
1441146007 0
1441146067 0
1441146127 0
1441146187 0
1441146247 0
1441146307 0
1441146367 0
1441146427 0
1441146487 0
1441146547 0
1441146607 0
1441146667 0
1441146727 0
1441146787 0
1441146847 0
1441146907 0
1441146967 0
1441147027 0
1441147087 0
1441147147 0
1441147207 0
1441147268 0
1441147328 0
1441147388 0
1441147448 0
1441147508 0
1441147568 0
1441147628 0
1441147688 0
1441147748 0
1441147808 0
1441147868 0
1441147928 0
1441147988 0
1441148048 0
1441148108 0
1441148168 0
1441148228 0
1441148288 0
1441148348 0
1441148409 0
1441148469 0
1441148529 0
1441148589 0
1441148649 0
1441148709 0
1441148769 0
1441148829 0
1441148889 0
1441148949 0
1441149009 0
1441149069 0
1441149129 0
1441149189 0
1441149249 0
1441149309 0
1441149369 0
1441149429 0
1441149489 0
1441149549 0
1441149609 0
1441149670 0
1441149730 0
1441149790 0
1441149850 0
1441149910 0
1441149970 0
1441150030 0
1441150090 0
1441150150 0
1441150210 0
1441150270 0
1441150330 0
1441150390 0
1441150450 0
1441150510 0
1441150570 0
1441150630 0
1441150690 0
1441150750 0
1441150811 0
1441150871 0
1441150931 0
1441150991 0
1441151051 0
1441151111 0
1441151171 0
1441151231 0
1441151291 0
1441151351 0
1441151411 0
1441151471 0
1441151531 0
1441151591 0
1441151651 0
1441151711 0
1441151771 0
1441151831 0
1441151891 0
1441151951 0
1441152011 0
1441152072 0
1441152132 0
1441152192 0
1441152252 0
1441152312 0
1441152372 0
1441152432 0
1441152492 0
1441152552 0
1441152612 0
1441152672 0
1441152732 0
1441152792 0
1441152852 0
1441152912 0
1441152972 0
1441153032 0
1441153092 0
1441153152 0
1441153213 0
1441153273 0
1441153333 0
1441153393 0
1441153453 0
1441153513 0
1441153573 0
1441153633 0
1441153693 0
1441153753 0
1441153813 0
1441153873 0
1441153933 0
1441153993 0
1441154053 0
1441154113 0
1441154173 0
1441154233 0
1441154294 0
1441154354 0
1441154414 0
1441154474 0
1441154534 0
1441154594 0
1441154654 0
1441154714 0
1441154774 0
1441154834 0
1441154894 0
1441154954 0
1441155014 0
1441155074 0
1441155134 0
1441155194 0
1441155254 0
1441155314 0
1441155374 0
1441155434 0
1441155494 0
1441155555 0
1441155615 0
1441155675 0
1441155735 0
1441155795 0
1441155855 0
1441155915 0
1441155975 0
1441156035 0
1441156095 0
1441156155 0
1441156215 0
1441156275 0
1441156335 0
1441156395 0
1441156455 0
1441156515 0
1441156575 0
1441156635 0
1441156695 0
1441156755 0
1441156815 0
1441156876 0
1441156936 0
1441156996 0
1441157056 0
1441157116 0
1441157176 0
1441157236 0
1441157296 0
1441157356 0
1441157416 0
1441157476 0
1441157536 0
1441157596 0
1441157656 0
1441157716 0
1441157776 0
1441157836 0
1441157896 0
1441157956 0
1441158016 0
1441158076 0
1441158137 0
1441158197 0
1441158257 0
1441158317 0
1441158377 0
1441158437 0
1441158497 0
1441158557 0
1441158617 0
1441158677 0
1441158737 0
1441158797 0
1441158857 0
1441158917 0
1441158977 0
1441159037 0
1441159097 0
1441159157 0
1441159217 0
1441159278 0
1441159338 0
1441159398 0
1441159458 0
1441159518 0
1441159578 0
1441159638 0
1441159698 0
1441159758 0
1441159818 0
1441159878 0
1441159938 0
1441159998 0
1441160058 0
1441160118 0
1441160178 0
1441160238 0
1441160298 0
1441160359 0
1441160419 0
1441160479 0
1441160539 0
1441160599 0
1441160659 0
1441160719 0
1441160779 0
1441160839 0
1441160899 0
1441160959 0
1441161019 0
1441161079 0
1441161139 0
1441161199 0
1441161259 0
1441161319 0
1441161379 0
1441161439 0
1441161499 0
1441161559 0
1441161619 0
1441161680 0
1441161740 0
1441161800 0
1441161860 0
1441161920 0
1441161980 0
1441162040 0
1441162100 0
1441162160 0
1441162220 0
1441162280 0
1441162340 0
1441162400 0
1441162460 0
1441162520 0
1441162580 0
1441162640 0
1441162700 0
1441162760 0
1441162820 0
1441162880 0
1441162941 0
1441163001 0
1441163061 0
1441163121 0
1441163181 0
1441163241 0
1441163301 0
1441163361 0
1441163421 0
1441163481 0
1441163541 0
1441163601 0
1441163661 0
1441163721 0
1441163781 0
1441163841 0
1441163901 0
1441163961 0
1441164021 0
1441164081 0
1441164141 0
1441164202 0
1441164262 0
1441164322 0
1441164382 0
1441164442 0
1441164502 0
1441164562 0
1441164622 0
1441164682 0
1441164742 0
1441164802 0
1441164862 0
1441164922 0
1441164982 0
1441165042 0
1441165102 0
1441165162 0
1441165222 0
1441165282 0
1441165342 0
1441165403 0
1441165463 0
1441165523 0
1441165583 0
1441165643 0
1441165703 0
1441165763 0
1441165823 0
1441165883 0
1441165943 0
1441166003 0
1441166063 0
1441166123 0
1441166183 0
1441166243 0
1441166303 0
1441166363 0
1441166423 0
1441166484 0
1441166544 0
1441166604 0
1441166664 0
1441166724 0
1441166784 0
1441166844 0
1441166904 0
1441166964 0
1441167024 0
1441167084 0
1441167144 0
1441167204 0
1441167264 0
1441167324 0
1441167384 0
1441167444 0
1441167505 0
1441167565 0
1441167625 0
1441167685 0
1441167745 0
1441167805 0
1441167865 0
1441167925 0
1441167985 0
1441168045 0
1441168105 0
1441168165 0
1441168225 0
1441168285 0
1441168345 0
1441168405 0
1441168465 0
1441168526 0
1441168586 0
1441168646 0
1441168706 0
1441168766 0
1441168826 0
1441168886 0
1441168946 0
1441169006 0
1441169066 0
1441169126 0
1441169186 0
1441169246 0
1441169306 0
1441169366 0
1441169426 0
1441169486 0
1441169547 0
1441169607 0
1441169667 0
1441169727 0
1441169787 0
1441169847 0
1441169907 0
1441169967 0
1441170027 0
1441170087 0
1441170147 0
1441170207 0
1441170267 0
1441170327 0
1441170387 0
1441170447 0
1441170507 0
1441170567 0
1441170628 0
1441170688 0
1441170748 0
1441170808 0
1441170868 0
1441170928 0
1441170988 0
1441171048 0
1441171108 0
1441171168 0
1441171228 0
1441171288 0
1441171348 0
1441171408 0
1441171468 0
1441171528 0
1441171588 0
1441171649 0
1441171709 0
1441171769 0
1441171829 0
1441171889 0
1441171949 0
1441172009 0
1441172069 0
1441172129 0
1441172189 0
1441172249 0
1441172309 0
1441172369 0
1441172429 0
1441172489 0
1441172549 0
1441172609 0
1441172670 0
1441172730 0
1441172790 0
1441172850 0
1441172910 0
1441172970 0
1441173030 0
1441173090 0
1441173150 0
1441173210 0
1441173270 0
1441173330 0
1441173390 0
1441173450 0
1441173510 0
1441173570 0
1441173630 0
1441173691 0
1441173751 0
1441173811 0
1441173871 0
1441173931 0
1441173991 0
1441174051 0
1441174111 0
1441174171 0
1441174231 0
1441174291 0
1441174351 0
1441174411 0
1441174471 0
1441174531 0
1441174591 0
1441174651 0
1441174711 0
1441174772 0
1441174832 0
1441174892 0
1441174952 0
1441175012 0
1441175072 0
1441175132 0
1441175192 0
1441175252 0
1441175312 0
1441175372 0
1441175432 0
1441175492 0
1441175552 0
1441175612 0
1441175672 0
1441175733 0
1441175793 0
1441175853 0
1441175913 0
1441175973 0
1441176033 0
1441176093 0
1441176153 0
1441176213 0
1441176273 0
1441176333 0
1441176393 0
1441176453 0
1441176513 0
1441176573 0
1441176633 0
1441176693 0
1441176754 0
1441176814 0
1441176874 0
1441176934 0
1441176994 0
1441177054 0
1441177114 0
1441177174 0
1441177234 0
1441177294 0
1441177354 0
1441177414 0
1441177474 0
1441177534 0
1441177594 0
1441177654 0
1441177714 0
1441177775 0
1441177835 0
1441177895 0
1441177955 0
1441178015 0
1441178075 0
1441178135 0
1441178195 0
1441178255 0
1441178315 0
1441178375 0
1441178435 0
1441178495 0
1441178555 0
1441178615 0
1441178675 0
1441178735 0
1441178796 0
1441178856 0
1441178916 0
1441178976 0
1441179036 0
1441179096 0
1441179156 0
1441179216 0
1441179276 0
1441179336 0
1441179396 0
1441179456 0
1441179516 0
1441179576 0
1441179636 0
1441179696 0
1441179756 0
1441179817 0
1441179877 0
1441179937 0
1441179997 0
1441180057 0
1441180117 0
1441180177 0
1441180237 0
1441180297 0
1441180357 0
1441180417 0
1441180477 0
1441180537 0
1441180597 0
1441180657 0
1441180717 0
1441180777 0
1441180838 0
1441180898 0
1441180958 0
1441181018 0
1441181078 0
1441181138 0
1441181198 0
1441181258 0
1441181318 0
1441181378 0
1441181438 0
1441181498 0
1441181558 0
1441181618 0
1441181678 0
1441181738 0
1441181798 0
1441181858 0
1441181919 0
1441181979 0
1441182039 0
1441182099 0
1441182159 0
1441182219 0
1441182279 0
1441182339 0
1441182399 0
1441182459 0
1441182519 0
1441182579 0
1441182639 0
1441182699 0
1441182759 0
1441182819 0
1441182879 0
1441182940 0
1441183000 0
1441183060 0
1441183120 0
1441183180 0
1441183240 0
1441183300 0
1441183360 0
1441183420 0
1441183480 0
1441183540 0
1441183600 0
1441183660 0
1441183720 0
1441183780 0
1441183840 0
1441183900 0
1441183961 0
1441184021 0
1441184081 0
1441184141 0
1441184201 0
1441184261 0
1441184321 0
1441184381 0
1441184441 0
1441184501 0
1441184561 0
1441184621 0
1441184681 0
1441184741 0
1441184801 0
1441184861 0
1441184921 0
1441184982 0
1441185042 0
1441185102 0
1441185162 0
1441185222 0
1441185282 0
1441185342 0
1441185402 0
1441185462 0
1441185522 0
1441185582 0
1441185642 0
1441185702 0
1441185762 0
1441185822 0
1441185882 0
1441185942 0
1441186003 0
1441186063 0
1441186123 0
1441186183 0
