Water Meter Usage Log (timestamp counts/min), Sat Aug 29 19:04:35 2015
1440900276 0
1440900339 0
1440900399 0
1440900459 0
1440900519 0
1440900580 0
1440900640 0
1440900700 0
1440900760 0
1440900820 0
1440900880 0
1440900940 0
1440901000 0
1440901060 0
1440901120 0
1440901180 0
1440901240 0
1440901300 0
1440901360 0
1440901420 0
1440901480 0
1440901540 0
1440901600 0
1440901661 0
1440901721 0
1440901781 0
1440901841 0
1440901901 0
1440901961 0
1440902021 0
1440902081 0
1440902141 0
1440902201 0
1440902261 0
1440902321 0
1440902381 0
1440902441 0
1440902501 0
1440902561 0
1440902621 0
1440902681 0
1440902741 0
1440902801 0
1440902862 0
1440902922 0
1440902982 0
1440903042 0
1440903102 0
1440903162 0
1440903222 0
1440903282 0
1440903342 0
1440903402 0
1440903462 0
1440903522 0
1440903582 0
1440903642 0
1440903702 0
1440903762 0
1440903822 0
1440903883 0
1440903943 0
1440904003 0
1440904063 0
1440904123 0
1440904183 0
1440904243 0
1440904303 0
1440904363 0
1440904423 0
1440904483 0
1440904543 0
1440904603 0
1440904663 0
1440904723 0
1440904783 0
1440904843 0
1440904903 0
1440904963 0
1440905023 0
1440905084 0
1440905144 0
1440905204 0
1440905264 0
1440905324 0
1440905384 0
1440905444 0
1440905504 0
1440905564 0
1440905624 0
1440905684 0
1440905744 0
1440905804 0
1440905864 0
1440905924 0
1440905984 0
1440906044 0
1440906104 0
1440906164 0
1440906224 0
1440906285 0
1440906345 0
1440906405 0
1440906465 0
1440906525 0
1440906585 0
1440906645 0
1440906705 0
1440906765 0
1440906825 0
1440906885 0
1440906945 0
1440907005 0
1440907065 0
1440907125 0
1440907185 0
1440907245 0
1440907305 0
1440907365 0
1440907425 0
1440907486 0
1440907546 0
1440907606 0
1440907666 0
1440907726 0
1440907786 0
1440907846 0
1440907906 0
1440907966 0
1440908026 0
1440908086 0
1440908146 0
1440908206 0
1440908266 0
1440908326 0
1440908386 0
1440908446 0
1440908506 0
1440908566 0
1440908627 0
1440908687 0
1440908747 0
1440908807 0
1440908867 0
1440908927 0
1440908987 0
1440909047 0
1440909107 0
1440909167 0
1440909227 0
1440909287 0
1440909347 0
1440909407 0
1440909467 0
1440909527 0
1440909587 0
1440909647 0
1440909708 0
1440909768 0
1440909828 0
1440909888 0
1440909948 0
1440910008 0
1440910068 0
1440910128 0
1440910188 0
1440910248 0
1440910308 0
1440910368 0
1440910428 0
1440910488 0
1440910548 0
1440910608 0
1440910668 0
1440910728 0
1440910789 0
1440910849 0
1440910909 0
1440910969 0
1440911029 0
1440911089 0
1440911149 0
1440911209 0
1440911269 0
1440911329 0
1440911389 0
1440911449 0
1440911509 0
1440911569 0
1440911629 0
1440911689 0
1440911749 0
1440911809 0
1440911870 0
1440911930 0
1440911990 0
1440912050 0
1440912110 0
1440912170 0
1440912230 0
1440912290 0
1440912350 0
1440912410 0
1440912470 0
1440912530 0
1440912590 0
1440912650 0
1440912710 0
1440912770 0
1440912830 0
1440912890 0
1440912951 0
1440913011 0
1440913071 0
1440913131 0
1440913191 0
1440913251 0
1440913311 0
1440913371 0
1440913431 0
1440913491 0
1440913551 0
1440913611 0
1440913671 0
1440913731 0
1440913791 0
1440913851 0
1440913911 0
1440913972 0
1440914032 0
1440914092 0
1440914152 0
1440914212 0
1440914272 0
1440914332 0
1440914392 0
1440914452 0
1440914512 0
1440914572 0
1440914632 0
1440914692 0
1440914752 0
1440914812 0
1440914872 0
1440914932 0
1440914993 0
1440915053 0
1440915113 0
1440915173 0
1440915233 0
1440915293 0
1440915353 0
1440915413 0
1440915473 0
1440915533 0
1440915593 0
1440915653 0
1440915713 0
1440915773 0
1440915833 0
1440915893 0
1440915953 0
1440916014 0
1440916074 0
1440916134 0
1440916194 0
1440916254 0
1440916314 0
1440916374 0
1440916434 0
1440916494 0
1440916554 0
1440916614 0
1440916674 0
1440916734 0
1440916794 0
1440916854 0
1440916914 0
1440916974 0
1440917035 0
1440917095 0
1440917155 0
1440917215 0
1440917275 0
1440917335 0
1440917395 0
1440917455 0
1440917515 0
1440917575 0
1440917635 0
1440917695 0
1440917755 0
1440917815 0
1440917875 0
1440917935 0
1440917995 0
1440918056 0
1440918116 0
1440918176 0
1440918236 0
1440918296 0
1440918356 0
1440918416 0
1440918476 0
1440918536 0
1440918596 0
1440918656 0
1440918716 0
1440918776 0
1440918836 0
1440918896 0
1440918956 0
1440919016 0
1440919077 0
1440919137 0
1440919197 0
1440919257 0
1440919317 0
1440919377 0
1440919437 0
1440919497 0
1440919557 0
1440919617 0
1440919677 0
1440919737 0
1440919797 0
1440919857 0
1440919917 0
1440919977 0
1440920037 0
1440920097 0
1440920158 0
1440920218 0
1440920278 0
1440920338 0
1440920398 0
1440920458 0
1440920518 0
1440920578 0
1440920638 0
1440920698 0
1440920758 0
1440920818 0
1440920878 0
1440920938 0
1440920998 0
1440921058 0
1440921118 0
1440921179 0
1440921239 0
1440921299 0
1440921359 0
1440921419 0
1440921479 0
1440921539 0
1440921599 0
1440921659 0
1440921719 0
1440921779 0
1440921839 0
1440921899 0
1440921959 0
1440922019 0
1440922079 0
1440922139 0
1440922199 0
1440922260 0
1440922320 0
1440922380 0
1440922440 0
1440922500 0
1440922560 0
1440922620 0
1440922680 0
1440922740 0
1440922800 0
1440922860 0
1440922920 0
1440922980 0
1440923040 0
1440923100 0
1440923160 0
1440923220 0
1440923281 0
1440923341 0
1440923401 0
1440923461 0
1440923521 0
1440923581 0
1440923641 0
1440923701 0
1440923761 0
1440923821 0
1440923881 0
1440923941 0
1440924001 0
1440924061 0
1440924121 0
1440924181 0
1440924241 0
1440924302 0
1440924362 0
1440924422 0
1440924482 0
1440924542 0
1440924602 0
1440924662 0
1440924722 0
1440924782 0
1440924842 0
1440924902 0
1440924962 0
1440925022 0
1440925082 0
1440925142 0
1440925202 0
1440925262 0
1440925322 0
1440925383 0
1440925443 0
1440925503 0
1440925563 0
1440925623 0
1440925683 0
1440925743 0
1440925803 0
1440925863 0
1440925923 0
1440925983 0
1440926043 0
1440926103 0
1440926163 0
1440926223 0
1440926283 0
1440926343 0
1440926403 0
1440926464 0
1440926524 0
1440926584 0
1440926644 0
1440926704 0
1440926764 0
1440926824 0
1440926884 0
1440926944 0
1440927004 0
1440927064 0
1440927124 0
1440927184 0
1440927244 0
1440927304 0
1440927364 0
1440927424 0
1440927485 0
1440927545 0
1440927605 0
1440927665 0
1440927725 0
1440927785 0
1440927845 0
1440927905 0
1440927965 0
1440928025 0
1440928085 0
1440928145 0
1440928205 0
1440928265 0
1440928325 0
1440928385 0
1440928445 0
1440928506 0
1440928566 0
1440928626 0
1440928686 0
1440928746 0
1440928806 0
1440928866 0
1440928926 0
1440928986 0
1440929046 0
1440929106 0
1440929166 0
1440929226 0
1440929286 0
1440929346 0
1440929406 0
1440929466 0
1440929527 0
1440929587 0
1440929647 0
1440929707 0
1440929767 0
1440929827 0
1440929887 0
1440929947 0
1440930007 0
1440930067 0
1440930127 0
1440930187 0
1440930247 0
1440930307 0
1440930367 0
1440930427 0
1440930487 0
1440930547 0
1440930608 0
1440930668 0
1440930728 0
1440930788 0
1440930848 0
1440930908 0
1440930968 0
1440931028 0
1440931088 0
1440931148 0
1440931208 0
1440931268 0
1440931328 0
1440931388 0
1440931448 0
1440931508 0
1440931568 0
1440931628 0
1440931689 0
1440931749 0
1440931809 0
1440931869 0
1440931929 0
1440931989 0
1440932049 0
1440932109 0
1440932169 0
1440932229 0
1440932289 0
1440932349 0
1440932409 0
1440932469 0
1440932529 0
1440932589 0
1440932649 0
1440932710 0
1440932770 0
1440932830 0
1440932890 0
1440932950 0
1440933010 0
1440933070 0
1440933130 0
1440933190 0
1440933250 0
1440933310 0
1440933370 0
1440933430 0
1440933490 0
1440933550 0
1440933610 0
1440933670 0
1440933730 0
1440933791 0
1440933851 0
1440933911 0
1440933971 0
1440934031 0
1440934091 0
1440934151 0
1440934211 0
1440934271 0
1440934331 0
1440934391 0
1440934451 0
1440934511 0
1440934571 0
1440934631 0
1440934691 0
1440934751 0
1440934811 0
1440934871 0
1440934931 0
1440934991 0
1440935052 0
1440935112 0
1440935172 0
1440935232 0
1440935292 0
1440935352 0
1440935412 0
1440935472 0
1440935532 0
1440935592 0
1440935652 0
1440935712 0
1440935772 0
1440935832 0
1440935892 0
1440935952 0
1440936012 0
1440936072 0
1440936132 0
1440936192 0
1440936253 0
1440936313 0
1440936373 0
1440936433 0
1440936493 0
1440936553 0
1440936613 0
1440936673 0
1440936733 0
1440936793 0
1440936853 0
1440936913 0
1440936973 0
1440937033 0
1440937093 0
1440937153 0
1440937213 0
1440937273 0
1440937333 0
1440937393 0
1440937454 0
1440937514 0
1440937574 0
1440937634 0
1440937694 0
1440937754 0
1440937814 0
1440937874 0
1440937934 0
1440937994 0
1440938054 0
1440938114 0
1440938174 0
1440938234 0
1440938294 0
1440938354 0
1440938414 0
1440938474 0
1440938534 0
1440938595 0
1440938655 0
1440938715 0
1440938775 0
1440938835 0
1440938895 0
1440938955 0
1440939015 0
1440939075 0
1440939135 0
1440939195 0
1440939255 0
1440939315 0
1440939375 0
1440939435 0
1440939495 0
1440939555 0
1440939615 0
1440939676 0
1440939736 0
1440939796 0
1440939856 0
1440939916 0
1440939976 0
1440940036 0
1440940096 0
1440940156 0
1440940216 0
1440940276 0
1440940336 0
1440940396 0
1440940456 0
1440940516 0
1440940576 0
1440940636 0
1440940696 0
1440940756 0
1440940816 0
1440940877 0
1440940937 0
1440940997 0
1440941057 0
1440941117 0
1440941177 0
1440941237 0
1440941297 0
1440941357 0
1440941417 0
1440941477 0
1440941537 0
1440941597 0
1440941657 0
1440941717 0
1440941777 0
1440941837 0
1440941897 0
1440941957 0
1440942018 0
1440942078 0
1440942138 0
1440942198 0
1440942258 0
1440942318 0
1440942378 0
1440942438 0
1440942498 0
1440942558 0
1440942618 0
1440942678 0
1440942738 0
1440942798 0
1440942858 0
1440942918 0
1440942978 0
1440943038 0
1440943099 0
1440943159 0
1440943219 0
1440943279 0
1440943339 0
1440943399 0
1440943459 0
1440943519 0
1440943579 0
1440943639 0
1440943699 0
1440943759 0
1440943819 0
1440943879 0
1440943939 0
1440943999 0
1440944059 0
1440944119 0
1440944179 0
1440944240 0
1440944300 0
1440944360 0
1440944420 0
1440944480 0
1440944540 0
1440944600 0
1440944660 0
1440944720 0
1440944780 0
1440944840 0
1440944900 0
1440944960 0
1440945020 0
1440945080 0
1440945140 0
1440945200 0
1440945260 0
1440945320 0
1440945380 0
1440945440 0
1440945501 0
1440945561 0
1440945621 0
1440945681 0
1440945741 0
1440945801 0
1440945861 0
1440945921 0
1440945981 0
1440946041 0
1440946101 0
1440946161 0
1440946221 0
1440946281 0
1440946341 0
1440946401 0
1440946461 0
1440946521 0
1440946582 0
1440946642 0
1440946702 0
1440946762 0
1440946822 0
1440946882 0
1440946942 0
1440947002 0
1440947062 0
1440947122 0
1440947182 0
1440947242 0
1440947302 0
1440947362 0
1440947422 0
1440947482 0
1440947542 0
1440947602 0
1440947662 0
1440947723 0
1440947783 0
1440947843 0
1440947903 0
1440947963 0
1440948023 0
1440948083 0
1440948143 0
1440948203 0
1440948263 0
1440948323 0
1440948383 0
1440948443 0
1440948503 0
1440948563 0
1440948623 0
1440948683 0
1440948744 0
1440948804 0
1440948864 0
1440948924 0
1440948984 0
1440949044 0
1440949104 0
1440949164 0
1440949224 0
1440949284 0
1440949344 0
1440949404 0
1440949464 0
1440949524 0
1440949584 0
1440949644 0
1440949704 0
1440949764 0
1440949824 0
1440949885 0
1440949945 0
1440950005 0
1440950065 0
1440950125 0
1440950185 0
1440950245 0
1440950305 0
1440950365 0
1440950425 0
1440950485 0
1440950545 0
1440950605 0
1440950665 0
1440950725 0
1440950785 0
1440950845 0
1440950905 0
1440950966 0
1440951026 0
1440951086 0
1440951146 0
1440951206 0
1440951266 0
1440951326 0
1440951386 0
1440951446 0
1440951506 0
1440951566 0
1440951626 0
1440951686 0
1440951746 0
1440951806 0
1440951866 0
1440951926 0
1440951986 0
1440952047 0
1440952107 0
1440952167 0
1440952227 0
1440952287 0
1440952347 0
1440952407 0
1440952467 0
1440952527 0
1440952587 0
1440952647 0
1440952707 0
1440952767 0
1440952827 0
1440952887 0
1440952947 0
1440953007 0
1440953067 0
1440953127 0
1440953187 0
1440953248 0
1440953308 0
1440953368 0
1440953428 0
1440953488 0
1440953548 0
1440953608 0
1440953668 0
1440953728 0
1440953788 0
1440953848 0
1440953908 0
1440953968 0
1440954028 0
1440954088 0
1440954148 0
1440954208 0
1440954269 0
1440954329 0
1440954389 0
1440954449 0
1440954509 0
1440954569 0
1440954629 0
1440954689 0
1440954749 0
1440954809 0
1440954869 0
1440954929 0
1440954989 0
1440955049 0
1440955109 0
1440955169 0
1440955229 0
1440955290 0
1440955350 0
1440955410 0
1440955470 0
1440955530 0
1440955590 0
1440955650 0
1440955710 0
1440955770 0
1440955830 0
1440955890 0
1440955950 0
1440956010 0
1440956070 0
1440956130 0
1440956190 0
1440956250 0
1440956310 0
1440956370 0
1440956431 0
1440956491 0
1440956551 0
1440956611 0
1440956671 0
1440956731 0
1440956791 0
1440956851 0
1440956911 0
1440956971 0
1440957031 0
1440957091 0
1440957151 0
1440957211 0
1440957271 0
1440957331 0
1440957391 0
1440957452 0
1440957512 0
1440957572 0
1440957632 0
1440957692 0
1440957752 0
1440957812 0
1440957872 0
1440957932 0
1440957992 0
1440958052 0
1440958112 0
1440958172 0
1440958232 0
1440958292 0
1440958352 0
1440958412 0
1440958472 0
1440958533 0
1440958593 0
1440958653 0
1440958713 0
1440958773 0
1440958833 0
1440958893 0
1440958953 0
1440959013 0
1440959073 0
1440959133 0
1440959193 0
1440959253 0
1440959313 0
1440959373 0
1440959433 0
1440959493 0
1440959553 0
1440959613 0
1440959674 0
1440959734 0
1440959794 0
1440959854 0
1440959914 0
1440959974 0
1440960034 0
1440960094 0
1440960154 0
1440960214 0
1440960274 0
1440960334 0
1440960394 0
1440960454 0
1440960514 0
1440960574 0
1440960634 0
1440960694 0
1440960755 0
1440960815 0
1440960875 0
1440960935 0
1440960995 0
1440961055 0
1440961115 0
1440961175 0
1440961235 0
1440961295 0
1440961355 0
1440961415 0
1440961475 0
1440961535 0
1440961595 0
1440961655 0
1440961715 0
1440961775 0
1440961836 0
1440961896 0
1440961956 0
1440962016 0
1440962076 0
1440962136 0
1440962196 0
1440962256 0
1440962316 0
1440962376 0
1440962436 0
1440962496 0
1440962556 0
1440962616 0
1440962676 0
1440962736 0
1440962796 0
1440962857 0
1440962917 0
1440962977 0
1440963037 0
1440963097 0
1440963157 0
1440963217 0
1440963277 0
1440963337 0
1440963397 0
1440963457 0
1440963517 0
1440963577 0
1440963637 0
1440963697 0
1440963757 0
1440963817 0
1440963877 0
1440963938 0
1440963998 0
1440964058 0
1440964118 0
1440964178 0
1440964238 0
1440964298 0
1440964358 0
1440964418 0
1440964478 0
1440964538 0
1440964598 0
1440964658 0
1440964718 0
1440964778 0
1440964838 0
1440964898 0
1440964958 0
1440965018 0
1440965078 0
1440965138 0
1440965198 0
1440965259 0
1440965319 0
1440965379 0
1440965439 0
1440965499 0
1440965559 0
1440965619 0
1440965679 0
1440965739 0
1440965799 0
1440965859 0
1440965919 0
1440965979 0
1440966039 0
1440966099 0
1440966159 0
1440966219 0
1440966279 0
1440966340 0
1440966400 0
1440966460 0
1440966520 0
1440966580 0
1440966640 0
1440966700 0
1440966760 0
1440966820 0
1440966880 0
1440966940 0
1440967000 0
1440967060 0
1440967120 0
1440967180 0
1440967240 0
1440967300 0
1440967360 0
1440967420 0
1440967480 0
1440967540 0
1440967600 0
1440967661 0
1440967721 0
1440967781 0
1440967841 0
1440967901 0
1440967961 0
1440968021 0
1440968081 0
1440968141 0
1440968201 0
1440968261 0
1440968321 0
1440968381 0
1440968441 0
1440968501 0
1440968561 0
1440968621 0
1440968681 0
1440968742 0
1440968802 0
1440968862 0
1440968922 0
1440968982 0
1440969042 0
1440969102 0
1440969162 0
1440969222 0
1440969282 0
1440969342 0
1440969402 0
1440969462 0
1440969522 0
1440969582 0
1440969642 0
1440969702 0
1440969762 0
1440969822 0
1440969882 0
1440969943 0
1440970003 0
1440970063 0
1440970123 0
1440970183 0
1440970243 0
1440970303 0
1440970363 0
1440970423 0
1440970483 0
1440970543 0
1440970603 0
1440970663 0
1440970723 0
1440970783 0
1440970843 0
1440970903 0
1440970963 0
1440971023 0
1440971083 0
1440971143 0
1440971203 0
1440971263 0
1440971324 0
1440971384 0
1440971444 0
1440971504 0
1440971564 0
1440971624 0
1440971684 0
1440971744 0
1440971804 0
1440971864 0
1440971924 0
1440971984 0
1440972044 0
1440972104 0
1440972164 0
1440972224 0
1440972284 0
1440972344 0
1440972404 0
1440972464 0
1440972524 0
1440972584 0
1440972644 0
1440972704 0
1440972764 0
1440972824 0
1440972884 0
1440972944 0
1440973005 0
1440973065 0
1440973125 0
1440973185 0
1440973245 0
1440973305 0
1440973365 0
1440973425 0
1440973485 0
1440973545 0
1440973605 0
1440973665 0
1440973725 0
1440973785 0
1440973845 0
1440973905 0
1440973965 0
1440974026 0
1440974086 0
1440974146 0
1440974206 0
1440974266 0
1440974326 0
1440974386 0
1440974446 0
1440974506 0
1440974566 0
1440974626 0
1440974686 0
1440974746 0
1440974806 0
1440974866 0
1440974926 0
1440974986 0
1440975046 0
1440975106 0
1440975166 0
1440975227 0
1440975287 0
1440975347 0
1440975407 0
1440975467 0
1440975527 0
1440975587 0
1440975647 0
1440975707 0
1440975767 0
1440975827 0
1440975887 0
1440975947 0
1440976007 0
1440976067 0
1440976127 0
1440976187 0
1440976248 0
1440976308 0
1440976368 0
1440976428 0
1440976488 0
1440976548 0
1440976608 0
1440976668 0
1440976728 0
1440976788 0
1440976848 0
1440976908 0
1440976968 0
1440977028 0
1440977088 0
1440977148 0
1440977208 0
1440977268 0
1440977328 0
1440977388 0
1440977449 0
1440977509 0
1440977569 0
1440977629 0
1440977689 0
1440977749 0
1440977809 0
1440977869 0
1440977929 0
1440977989 0
1440978049 0
1440978109 0
1440978169 0
1440978229 0
1440978289 0
1440978349 0
1440978409 0
1440978469 0
1440978530 0
1440978590 0
1440978650 0
1440978710 0
1440978770 0
1440978830 0
1440978890 0
1440978950 0
1440979010 0
1440979070 0
1440979130 0
1440979190 0
1440979250 0
1440979310 0
1440979370 0
1440979430 0
1440979490 0
1440979550 0
1440979610 0
1440979670 0
1440979731 0
1440979791 0
1440979851 0
1440979911 0
1440979971 0
1440980031 0
1440980091 0
1440980151 0
1440980211 0
1440980271 0
1440980331 0
1440980391 0
1440980451 0
1440980511 0
1440980571 0
1440980631 0
1440980691 0
1440980752 0
1440980812 0
1440980872 0
1440980932 0
1440980992 0
1440981052 0
1440981112 0
1440981172 0
1440981232 0
1440981292 0
1440981352 0
1440981412 0
1440981472 0
1440981532 0
1440981592 0
1440981652 0
1440981712 0
1440981772 0
1440981833 0
1440981893 0
1440981953 0
1440982013 0
1440982073 0
1440982133 0
1440982193 0
1440982253 0
1440982313 0
1440982373 0
1440982433 0
1440982493 0
1440982553 0
1440982613 0
1440982673 0
1440982733 0
1440982793 0
1440982853 0
1440982914 0
1440982974 0
1440983034 0
1440983094 0
1440983154 0
1440983214 0
1440983274 0
1440983334 0
1440983394 0
1440983454 0
1440983514 0
1440983574 0
1440983634 0
1440983694 0
1440983754 0
1440983814 0
1440983874 0
1440983934 0
1440983995 0
1440984055 0
1440984115 0
1440984175 0
1440984235 0
1440984295 0
1440984355 0
1440984415 0
1440984475 0
1440984535 0
1440984595 0
1440984655 0
1440984715 0
1440984775 0
1440984835 0
1440984895 0
1440984955 0
1440985015 0
1440985075 0
1440985135 0
1440985196 0
1440985256 0
1440985316 0
1440985376 0
1440985436 0
1440985496 0
1440985556 0
1440985616 0
1440985676 0
1440985736 0
1440985796 0
1440985856 0
1440985916 0
1440985976 0
1440986036 0
1440986096 0
1440986156 0
1440986216 0
1440986276 0
1440986337 0
1440986397 0
1440986457 0
1440986517 0
1440986577 0
1440986637 0
1440986697 0
1440986757 0
1440986817 0
1440986877 0
1440986937 0
1440986997 0
1440987057 0
1440987117 0
1440987177 0
1440987237 0
1440987297 0
1440987357 0
1440987417 0
1440987477 0
1440987537 0
1440987597 0
1440987657 0
1440987718 0
1440987778 0
1440987838 0
1440987898 0
1440987958 0
1440988018 0
1440988078 0
1440988138 0
1440988198 0
1440988258 0
1440988318 0
1440988378 0
1440988438 0
1440988498 0
1440988558 0
1440988618 0
1440988678 0
1440988738 0
1440988798 0
1440988859 0
1440988919 0
1440988979 0
1440989039 0
1440989099 0
1440989159 0
1440989219 0
1440989279 0
1440989339 0
1440989399 0
1440989459 0
1440989519 0
1440989579 0
1440989639 0
1440989699 0
1440989759 0
1440989819 0
1440989879 0
1440989939 0
1440990000 0
1440990060 0
1440990120 0
1440990180 0
1440990240 0
1440990300 0
1440990360 0
1440990420 0
1440990480 0
1440990540 0
1440990600 0
1440990660 0
1440990720 0
1440990780 0
1440990840 0
1440990900 0
1440990960 0
1440991020 0
1440991081 0
1440991141 0
1440991201 0
1440991261 0
1440991321 0
1440991381 0
1440991441 0
1440991501 0
1440991561 0
1440991621 0
1440991681 0
1440991741 0
1440991801 0
1440991861 0
1440991921 0
1440991981 0
1440992041 0
1440992101 0
1440992161 0
1440992221 0
1440992281 0
1440992342 0
1440992402 0
1440992462 0
1440992522 0
1440992582 0
1440992642 0
1440992702 0
1440992762 0
1440992822 0
1440992882 0
1440992942 0
1440993002 0
1440993062 0
1440993122 0
1440993182 0
1440993242 0
1440993302 0
1440993362 0
